2017-10-26 15:52:35,187|INFO|108|_initlog|



2017-10-26 15:52:35,187|INFO|109|_initlog|logger is inited!
2017-10-26 15:52:35,194|INFO|174|Interpreter|begin Interpreter, row_count = 6, col_count = 13
2017-10-26 15:52:35,194|INFO|203|_FieldDefine|row=0, col=0, repeated_num=0
2017-10-26 15:52:35,194|INFO|211|_FieldDefine|required|uint32|id|唯一标识
2017-10-26 15:52:35,196|INFO|203|_FieldDefine|row=0, col=1, repeated_num=0
2017-10-26 15:52:35,196|INFO|211|_FieldDefine|required|string|username|姓名
2017-10-26 15:52:35,196|INFO|203|_FieldDefine|row=0, col=2, repeated_num=0
2017-10-26 15:52:35,196|INFO|211|_FieldDefine|optional|uint32|age|年龄
2017-10-26 15:52:35,196|INFO|203|_FieldDefine|row=0, col=3, repeated_num=0
2017-10-26 15:52:35,196|DEBUG|228|_FieldDefine|repeated|3.0
2017-10-26 15:52:35,197|INFO|233|_FieldDefine|repeated|3
2017-10-26 15:52:35,197|INFO|203|_FieldDefine|row=0, col=4, repeated_num=3
2017-10-26 15:52:35,197|INFO|255|_FieldDefine|optional_struct|2|grade|grade_arr
2017-10-26 15:52:35,197|INFO|203|_FieldDefine|row=0, col=5, repeated_num=0
2017-10-26 15:52:35,197|INFO|211|_FieldDefine|optional|string|gradename|年级
2017-10-26 15:52:35,197|INFO|203|_FieldDefine|row=0, col=6, repeated_num=0
2017-10-26 15:52:35,197|INFO|211|_FieldDefine|optional|uint32|start_year|开始时间
2017-10-26 15:55:50,997|INFO|108|_initlog|



2017-10-26 15:55:50,999|INFO|109|_initlog|logger is inited!
2017-10-26 15:56:01,746|INFO|108|_initlog|



2017-10-26 15:56:01,746|INFO|109|_initlog|logger is inited!
2017-10-26 15:56:01,756|INFO|174|Interpreter|begin Interpreter, row_count = 6, col_count = 13
2017-10-26 15:56:01,756|INFO|203|_FieldDefine|row=0, col=0, repeated_num=0
2017-10-26 15:56:01,756|INFO|211|_FieldDefine|required|uint32|id|唯一标识
2017-10-26 15:56:01,757|INFO|203|_FieldDefine|row=0, col=1, repeated_num=0
2017-10-26 15:56:01,757|INFO|211|_FieldDefine|required|string|username|姓名
2017-10-26 15:56:01,757|INFO|203|_FieldDefine|row=0, col=2, repeated_num=0
2017-10-26 15:56:01,757|INFO|211|_FieldDefine|optional|uint32|age|年龄
2017-10-26 15:56:01,757|INFO|203|_FieldDefine|row=0, col=3, repeated_num=0
2017-10-26 15:56:01,757|DEBUG|228|_FieldDefine|repeated|3.0
2017-10-26 15:56:01,759|INFO|233|_FieldDefine|repeated|3
2017-10-26 15:56:01,759|INFO|203|_FieldDefine|row=0, col=4, repeated_num=3
2017-10-26 15:56:01,759|INFO|255|_FieldDefine|optional_struct|2|grade|grade_arr
2017-10-26 15:56:01,759|INFO|203|_FieldDefine|row=0, col=5, repeated_num=0
2017-10-26 15:56:01,759|INFO|211|_FieldDefine|optional|string|gradename|年级
2017-10-26 15:56:01,759|INFO|203|_FieldDefine|row=0, col=6, repeated_num=0
2017-10-26 15:56:01,759|INFO|211|_FieldDefine|optional|uint32|start_year|开始时间
2017-10-26 15:56:09,335|INFO|108|_initlog|



2017-10-26 15:56:09,335|INFO|109|_initlog|logger is inited!
2017-10-26 15:56:09,344|INFO|174|Interpreter|begin Interpreter, row_count = 6, col_count = 13
2017-10-26 15:56:09,344|INFO|203|_FieldDefine|row=0, col=0, repeated_num=0
2017-10-26 15:56:09,344|INFO|211|_FieldDefine|required|uint32|id|唯一标识
2017-10-26 15:56:09,345|INFO|203|_FieldDefine|row=0, col=1, repeated_num=0
2017-10-26 15:56:09,345|INFO|211|_FieldDefine|required|string|username|姓名
2017-10-26 15:56:09,345|INFO|203|_FieldDefine|row=0, col=2, repeated_num=0
2017-10-26 15:56:09,345|INFO|211|_FieldDefine|optional|uint32|age|年龄
2017-10-26 15:56:09,345|INFO|203|_FieldDefine|row=0, col=3, repeated_num=0
2017-10-26 15:56:09,345|DEBUG|228|_FieldDefine|repeated|3.0
2017-10-26 15:56:09,345|INFO|233|_FieldDefine|repeated|3
2017-10-26 15:56:09,345|INFO|203|_FieldDefine|row=0, col=4, repeated_num=3
2017-10-26 15:56:09,345|INFO|255|_FieldDefine|optional_struct|2|grade|grade_arr
2017-10-26 15:56:09,345|INFO|203|_FieldDefine|row=0, col=5, repeated_num=0
2017-10-26 15:56:09,345|INFO|211|_FieldDefine|optional|string|gradename|年级
2017-10-26 15:56:09,345|INFO|203|_FieldDefine|row=0, col=6, repeated_num=0
2017-10-26 15:56:09,345|INFO|211|_FieldDefine|optional|uint32|start_year|开始时间
2017-10-26 15:57:13,089|INFO|108|_initlog|



2017-10-26 15:57:13,091|INFO|109|_initlog|logger is inited!
2017-10-26 15:57:17,219|INFO|108|_initlog|



2017-10-26 15:57:17,219|INFO|109|_initlog|logger is inited!
2017-10-26 15:57:17,226|INFO|174|Interpreter|begin Interpreter, row_count = 6, col_count = 13
2017-10-26 15:57:17,226|INFO|203|_FieldDefine|row=0, col=0, repeated_num=0
2017-10-26 15:57:17,226|INFO|211|_FieldDefine|required|uint32|id|唯一标识
2017-10-26 15:57:17,227|INFO|203|_FieldDefine|row=0, col=1, repeated_num=0
2017-10-26 15:57:17,227|INFO|211|_FieldDefine|required|string|username|姓名
2017-10-26 15:57:17,227|INFO|203|_FieldDefine|row=0, col=2, repeated_num=0
2017-10-26 15:57:17,227|INFO|211|_FieldDefine|optional|uint32|age|年龄
2017-10-26 15:57:17,227|INFO|203|_FieldDefine|row=0, col=3, repeated_num=0
2017-10-26 15:57:17,227|DEBUG|228|_FieldDefine|repeated|3.0
2017-10-26 15:57:17,227|INFO|233|_FieldDefine|repeated|3
2017-10-26 15:57:17,227|INFO|203|_FieldDefine|row=0, col=4, repeated_num=3
2017-10-26 15:57:17,227|INFO|255|_FieldDefine|optional_struct|2|grade|grade_arr
2017-10-26 15:57:17,227|INFO|203|_FieldDefine|row=0, col=5, repeated_num=0
2017-10-26 15:57:17,229|INFO|211|_FieldDefine|optional|string|gradename|年级
2017-10-26 15:57:17,229|INFO|203|_FieldDefine|row=0, col=6, repeated_num=0
2017-10-26 15:57:17,229|INFO|211|_FieldDefine|optional|uint32|start_year|开始时间
2017-10-26 15:58:21,861|INFO|108|_initlog|



2017-10-26 15:58:21,861|INFO|109|_initlog|logger is inited!
2017-10-26 15:58:27,746|INFO|108|_initlog|



2017-10-26 15:58:27,746|INFO|109|_initlog|logger is inited!
2017-10-26 15:58:27,756|INFO|174|Interpreter|begin Interpreter, row_count = 6, col_count = 13
2017-10-26 15:58:27,756|INFO|203|_FieldDefine|row=0, col=0, repeated_num=0
2017-10-26 15:58:27,756|INFO|211|_FieldDefine|required|uint32|id|唯一标识
2017-10-26 15:58:27,757|INFO|203|_FieldDefine|row=0, col=1, repeated_num=0
2017-10-26 15:58:27,757|INFO|211|_FieldDefine|required|string|username|姓名
2017-10-26 15:58:27,757|INFO|203|_FieldDefine|row=0, col=2, repeated_num=0
2017-10-26 15:58:27,757|INFO|211|_FieldDefine|optional|uint32|age|年龄
2017-10-26 15:58:27,759|INFO|203|_FieldDefine|row=0, col=3, repeated_num=0
2017-10-26 15:58:27,759|DEBUG|228|_FieldDefine|repeated|3.0
2017-10-26 15:58:27,759|INFO|233|_FieldDefine|repeated|3
2017-10-26 15:58:27,759|INFO|203|_FieldDefine|row=0, col=4, repeated_num=3
2017-10-26 15:58:27,759|INFO|255|_FieldDefine|optional_struct|2|grade|grade_arr
2017-10-26 15:58:27,759|INFO|203|_FieldDefine|row=0, col=5, repeated_num=0
2017-10-26 15:58:27,759|INFO|211|_FieldDefine|optional|string|gradename|年级
2017-10-26 15:58:27,759|INFO|203|_FieldDefine|row=0, col=6, repeated_num=0
2017-10-26 15:58:27,759|INFO|211|_FieldDefine|optional|uint32|start_year|开始时间
2017-10-26 15:59:46,108|INFO|108|_initlog|



2017-10-26 15:59:46,109|INFO|109|_initlog|logger is inited!
2017-10-26 15:59:46,119|INFO|174|Interpreter|begin Interpreter, row_count = 6, col_count = 13
2017-10-26 15:59:46,119|INFO|204|_FieldDefine|row=0, col=0, repeated_num=0
2017-10-26 15:59:46,121|INFO|212|_FieldDefine|required|uint32|id|唯一标识
2017-10-26 15:59:46,121|INFO|204|_FieldDefine|row=0, col=1, repeated_num=0
2017-10-26 15:59:46,121|INFO|212|_FieldDefine|required|string|username|姓名
2017-10-26 15:59:46,121|INFO|204|_FieldDefine|row=0, col=2, repeated_num=0
2017-10-26 15:59:46,121|INFO|212|_FieldDefine|optional|uint32|age|年龄
2017-10-26 15:59:46,121|INFO|204|_FieldDefine|row=0, col=3, repeated_num=0
2017-10-26 15:59:46,121|DEBUG|229|_FieldDefine|repeated|3.0
2017-10-26 15:59:46,121|INFO|234|_FieldDefine|repeated|3
2017-10-26 15:59:46,121|INFO|204|_FieldDefine|row=0, col=4, repeated_num=3
2017-10-26 15:59:46,121|INFO|256|_FieldDefine|optional_struct|2|grade|grade_arr
2017-10-26 15:59:46,121|INFO|204|_FieldDefine|row=0, col=5, repeated_num=0
2017-10-26 15:59:46,121|INFO|212|_FieldDefine|optional|string|gradename|年级
2017-10-26 15:59:46,121|INFO|204|_FieldDefine|row=0, col=6, repeated_num=0
2017-10-26 15:59:46,121|INFO|212|_FieldDefine|optional|uint32|start_year|开始时间
2017-10-26 16:00:59,352|INFO|108|_initlog|



2017-10-26 16:00:59,352|INFO|109|_initlog|logger is inited!
2017-10-26 16:01:08,101|INFO|108|_initlog|



2017-10-26 16:01:08,101|INFO|109|_initlog|logger is inited!
2017-10-26 16:01:08,111|INFO|174|Interpreter|begin Interpreter, row_count = 6, col_count = 13
2017-10-26 16:01:08,111|INFO|204|_FieldDefine|row=0, col=0, repeated_num=0
2017-10-26 16:01:08,111|INFO|212|_FieldDefine|required|uint32|id|唯一标识
2017-10-26 16:01:08,112|INFO|204|_FieldDefine|row=0, col=1, repeated_num=0
2017-10-26 16:01:08,112|INFO|212|_FieldDefine|required|string|username|姓名
2017-10-26 16:01:08,112|INFO|204|_FieldDefine|row=0, col=2, repeated_num=0
2017-10-26 16:01:08,112|INFO|212|_FieldDefine|optional|uint32|age|年龄
2017-10-26 16:01:08,112|INFO|204|_FieldDefine|row=0, col=3, repeated_num=0
2017-10-26 16:01:08,112|DEBUG|229|_FieldDefine|repeated|3.0
2017-10-26 16:01:08,112|INFO|234|_FieldDefine|repeated|3
2017-10-26 16:01:08,112|INFO|204|_FieldDefine|row=0, col=4, repeated_num=3
2017-10-26 16:01:08,112|INFO|256|_FieldDefine|optional_struct|2|grade|grade_arr
2017-10-26 16:01:08,112|INFO|204|_FieldDefine|row=0, col=5, repeated_num=0
2017-10-26 16:01:08,114|INFO|212|_FieldDefine|optional|string|gradename|年级
2017-10-26 16:01:08,114|INFO|204|_FieldDefine|row=0, col=6, repeated_num=0
2017-10-26 16:01:08,114|INFO|212|_FieldDefine|optional|uint32|start_year|开始时间
2017-10-26 16:02:27,009|INFO|108|_initlog|



2017-10-26 16:02:27,009|INFO|109|_initlog|logger is inited!
2017-10-26 16:02:32,410|INFO|108|_initlog|



2017-10-26 16:02:32,411|INFO|109|_initlog|logger is inited!
2017-10-26 16:02:32,421|INFO|174|Interpreter|begin Interpreter, row_count = 6, col_count = 13
2017-10-26 16:02:32,421|INFO|204|_FieldDefine|row=0, col=0, repeated_num=0
2017-10-26 16:02:32,421|INFO|212|_FieldDefine|required|uint32|id|唯一标识
2017-10-26 16:02:32,423|INFO|204|_FieldDefine|row=0, col=1, repeated_num=0
2017-10-26 16:02:32,423|INFO|212|_FieldDefine|required|string|username|姓名
2017-10-26 16:02:32,423|INFO|204|_FieldDefine|row=0, col=2, repeated_num=0
2017-10-26 16:02:32,423|INFO|212|_FieldDefine|optional|uint32|age|年龄
2017-10-26 16:02:32,423|INFO|204|_FieldDefine|row=0, col=3, repeated_num=0
2017-10-26 16:02:32,423|DEBUG|229|_FieldDefine|repeated|3.0
2017-10-26 16:02:32,423|INFO|234|_FieldDefine|repeated|3
2017-10-26 16:02:32,423|INFO|204|_FieldDefine|row=0, col=4, repeated_num=3
2017-10-26 16:02:32,423|INFO|256|_FieldDefine|optional_struct|2|grade|grade_arr
2017-10-26 16:02:32,423|INFO|204|_FieldDefine|row=0, col=5, repeated_num=0
2017-10-26 16:02:32,423|INFO|212|_FieldDefine|optional|string|gradename|年级
2017-10-26 16:02:32,424|INFO|204|_FieldDefine|row=0, col=6, repeated_num=0
2017-10-26 16:02:32,424|INFO|212|_FieldDefine|optional|uint32|start_year|开始时间
2017-10-26 16:02:57,614|INFO|108|_initlog|



2017-10-26 16:02:57,614|INFO|109|_initlog|logger is inited!
2017-10-26 16:02:57,624|INFO|174|Interpreter|begin Interpreter, row_count = 6, col_count = 13
2017-10-26 16:02:57,624|INFO|204|_FieldDefine|row=0, col=0, repeated_num=0
2017-10-26 16:02:57,624|INFO|212|_FieldDefine|required|uint32|id|唯一标识
2017-10-26 16:02:57,625|INFO|204|_FieldDefine|row=0, col=1, repeated_num=0
2017-10-26 16:02:57,625|INFO|212|_FieldDefine|required|string|username|姓名
2017-10-26 16:02:57,625|INFO|204|_FieldDefine|row=0, col=2, repeated_num=0
2017-10-26 16:02:57,625|INFO|212|_FieldDefine|optional|uint32|age|年龄
2017-10-26 16:02:57,625|INFO|204|_FieldDefine|row=0, col=3, repeated_num=0
2017-10-26 16:02:57,625|DEBUG|229|_FieldDefine|repeated|3.0
2017-10-26 16:02:57,625|INFO|234|_FieldDefine|repeated|3
2017-10-26 16:02:57,625|INFO|204|_FieldDefine|row=0, col=4, repeated_num=3
2017-10-26 16:02:57,625|INFO|256|_FieldDefine|optional_struct|2|grade|grade_arr
2017-10-26 16:02:57,625|INFO|204|_FieldDefine|row=0, col=5, repeated_num=0
2017-10-26 16:02:57,625|INFO|212|_FieldDefine|optional|string|gradename|年级
2017-10-26 16:02:57,625|INFO|204|_FieldDefine|row=0, col=6, repeated_num=0
2017-10-26 16:02:57,625|INFO|212|_FieldDefine|optional|uint32|start_year|开始时间
2017-10-26 16:03:42,753|INFO|108|_initlog|



2017-10-26 16:03:42,753|INFO|109|_initlog|logger is inited!
2017-10-26 16:03:50,443|INFO|108|_initlog|



2017-10-26 16:03:50,444|INFO|109|_initlog|logger is inited!
2017-10-26 16:03:50,453|INFO|174|Interpreter|begin Interpreter, row_count = 6, col_count = 13
2017-10-26 16:03:50,453|INFO|204|_FieldDefine|row=0, col=0, repeated_num=0
2017-10-26 16:03:50,453|INFO|212|_FieldDefine|required|uint32|id|唯一标识
2017-10-26 16:03:50,454|INFO|204|_FieldDefine|row=0, col=1, repeated_num=0
2017-10-26 16:03:50,454|INFO|212|_FieldDefine|required|string|username|姓名
2017-10-26 16:03:50,454|INFO|204|_FieldDefine|row=0, col=2, repeated_num=0
2017-10-26 16:03:50,454|INFO|212|_FieldDefine|optional|uint32|age|年龄
2017-10-26 16:03:50,454|INFO|204|_FieldDefine|row=0, col=3, repeated_num=0
2017-10-26 16:03:50,454|DEBUG|229|_FieldDefine|repeated|3.0
2017-10-26 16:03:50,456|INFO|234|_FieldDefine|repeated|3
2017-10-26 16:03:50,456|INFO|204|_FieldDefine|row=0, col=4, repeated_num=3
2017-10-26 16:03:50,456|INFO|256|_FieldDefine|optional_struct|2|grade|grade_arr
2017-10-26 16:03:50,456|INFO|204|_FieldDefine|row=0, col=5, repeated_num=0
2017-10-26 16:03:50,456|INFO|212|_FieldDefine|optional|string|gradename|年级
2017-10-26 16:03:50,456|INFO|204|_FieldDefine|row=0, col=6, repeated_num=0
2017-10-26 16:03:50,456|INFO|212|_FieldDefine|optional|uint32|start_year|开始时间
2017-10-26 16:07:07,744|INFO|108|_initlog|



2017-10-26 16:07:07,744|INFO|109|_initlog|logger is inited!
2017-10-26 16:07:07,756|INFO|174|Interpreter|begin Interpreter, row_count = 6, col_count = 13
2017-10-26 16:07:07,756|INFO|204|_FieldDefine|row=0, col=0, repeated_num=0
2017-10-26 16:07:07,756|INFO|212|_FieldDefine|required|uint32|id|唯一标识
2017-10-26 16:07:07,757|INFO|204|_FieldDefine|row=0, col=1, repeated_num=0
2017-10-26 16:07:07,757|INFO|212|_FieldDefine|required|string|username|姓名
2017-10-26 16:07:07,757|INFO|204|_FieldDefine|row=0, col=2, repeated_num=0
2017-10-26 16:07:07,757|INFO|212|_FieldDefine|optional|uint32|age|年龄
2017-10-26 16:07:07,757|INFO|204|_FieldDefine|row=0, col=3, repeated_num=0
2017-10-26 16:07:07,757|DEBUG|229|_FieldDefine|repeated|3.0
2017-10-26 16:07:07,757|INFO|234|_FieldDefine|repeated|3
2017-10-26 16:07:07,757|INFO|204|_FieldDefine|row=0, col=4, repeated_num=3
2017-10-26 16:07:07,757|INFO|256|_FieldDefine|optional_struct|2|grade|grade_arr
2017-10-26 16:07:07,759|INFO|204|_FieldDefine|row=0, col=5, repeated_num=0
2017-10-26 16:07:07,759|INFO|212|_FieldDefine|optional|string|gradename|年级
2017-10-26 16:07:07,759|INFO|204|_FieldDefine|row=0, col=6, repeated_num=0
2017-10-26 16:07:07,759|INFO|212|_FieldDefine|optional|uint32|start_year|开始时间
2017-10-26 16:08:04,483|INFO|108|_initlog|



2017-10-26 16:08:04,483|INFO|109|_initlog|logger is inited!
2017-10-26 16:08:04,492|INFO|174|Interpreter|begin Interpreter, row_count = 6, col_count = 13
2017-10-26 16:08:04,492|INFO|204|_FieldDefine|row=0, col=0, repeated_num=0
2017-10-26 16:08:04,492|INFO|212|_FieldDefine|required|uint32|id|唯一标识
2017-10-26 16:08:04,493|INFO|204|_FieldDefine|row=0, col=1, repeated_num=0
2017-10-26 16:08:04,493|INFO|212|_FieldDefine|required|string|username|姓名
2017-10-26 16:08:04,493|INFO|204|_FieldDefine|row=0, col=2, repeated_num=0
2017-10-26 16:08:04,493|INFO|212|_FieldDefine|optional|uint32|age|年龄
2017-10-26 16:08:04,493|INFO|204|_FieldDefine|row=0, col=3, repeated_num=0
2017-10-26 16:08:04,493|DEBUG|229|_FieldDefine|repeated|3.0
2017-10-26 16:08:04,493|INFO|234|_FieldDefine|repeated|3
2017-10-26 16:08:04,493|INFO|204|_FieldDefine|row=0, col=4, repeated_num=3
2017-10-26 16:08:04,493|INFO|256|_FieldDefine|optional_struct|2|grade|grade_arr
2017-10-26 16:08:04,493|INFO|204|_FieldDefine|row=0, col=5, repeated_num=0
2017-10-26 16:08:04,493|INFO|212|_FieldDefine|optional|string|gradename|年级
2017-10-26 16:08:04,493|INFO|204|_FieldDefine|row=0, col=6, repeated_num=0
2017-10-26 16:08:04,493|INFO|212|_FieldDefine|optional|uint32|start_year|开始时间
2017-10-26 16:08:49,516|INFO|108|_initlog|



2017-10-26 16:08:49,517|INFO|109|_initlog|logger is inited!
2017-10-26 16:08:57,874|INFO|108|_initlog|



2017-10-26 16:08:57,874|INFO|109|_initlog|logger is inited!
2017-10-26 16:08:57,884|INFO|174|Interpreter|begin Interpreter, row_count = 6, col_count = 13
2017-10-26 16:08:57,884|INFO|204|_FieldDefine|row=0, col=0, repeated_num=0
2017-10-26 16:08:57,884|INFO|212|_FieldDefine|required|uint32|id|唯一标识
2017-10-26 16:08:57,884|INFO|204|_FieldDefine|row=0, col=1, repeated_num=0
2017-10-26 16:08:57,884|INFO|212|_FieldDefine|required|string|username|姓名
2017-10-26 16:08:57,884|INFO|204|_FieldDefine|row=0, col=2, repeated_num=0
2017-10-26 16:08:57,884|INFO|212|_FieldDefine|optional|uint32|age|年龄
2017-10-26 16:08:57,884|INFO|204|_FieldDefine|row=0, col=3, repeated_num=0
2017-10-26 16:08:57,884|DEBUG|229|_FieldDefine|repeated|3.0
2017-10-26 16:08:57,884|INFO|234|_FieldDefine|repeated|3
2017-10-26 16:08:57,884|INFO|204|_FieldDefine|row=0, col=4, repeated_num=3
2017-10-26 16:08:57,884|INFO|256|_FieldDefine|optional_struct|2|grade|grade_arr
2017-10-26 16:08:57,884|INFO|204|_FieldDefine|row=0, col=5, repeated_num=0
2017-10-26 16:08:57,884|INFO|212|_FieldDefine|optional|string|gradename|年级
2017-10-26 16:08:57,884|INFO|204|_FieldDefine|row=0, col=6, repeated_num=0
2017-10-26 16:08:57,884|INFO|212|_FieldDefine|optional|uint32|start_year|开始时间
2017-10-26 16:09:41,786|INFO|108|_initlog|



2017-10-26 16:09:41,786|INFO|109|_initlog|logger is inited!
2017-10-26 16:09:41,799|INFO|174|Interpreter|begin Interpreter, row_count = 6, col_count = 13
2017-10-26 16:09:41,799|INFO|204|_FieldDefine|row=0, col=0, repeated_num=0
2017-10-26 16:09:41,799|INFO|212|_FieldDefine|required|uint32|id|唯一标识
2017-10-26 16:09:41,802|INFO|204|_FieldDefine|row=0, col=1, repeated_num=0
2017-10-26 16:09:41,802|INFO|212|_FieldDefine|required|string|username|姓名
2017-10-26 16:09:41,802|INFO|204|_FieldDefine|row=0, col=2, repeated_num=0
2017-10-26 16:09:41,802|INFO|212|_FieldDefine|optional|uint32|age|年龄
2017-10-26 16:09:41,802|INFO|204|_FieldDefine|row=0, col=3, repeated_num=0
2017-10-26 16:09:41,802|DEBUG|229|_FieldDefine|repeated|3.0
2017-10-26 16:09:41,802|INFO|234|_FieldDefine|repeated|3
2017-10-26 16:09:41,802|INFO|204|_FieldDefine|row=0, col=4, repeated_num=3
2017-10-26 16:09:41,802|INFO|256|_FieldDefine|optional_struct|2|grade|grade_arr
2017-10-26 16:09:41,802|INFO|204|_FieldDefine|row=0, col=5, repeated_num=0
2017-10-26 16:09:41,802|INFO|212|_FieldDefine|optional|string|gradename|年级
2017-10-26 16:09:41,802|INFO|204|_FieldDefine|row=0, col=6, repeated_num=0
2017-10-26 16:09:41,802|INFO|212|_FieldDefine|optional|uint32|start_year|开始时间
2017-10-26 16:11:16,112|INFO|108|_initlog|



2017-10-26 16:11:16,112|INFO|109|_initlog|logger is inited!
2017-10-26 16:11:16,127|INFO|174|Interpreter|begin Interpreter, row_count = 6, col_count = 13
2017-10-26 16:11:16,127|INFO|204|_FieldDefine|row=0, col=0, repeated_num=0
2017-10-26 16:11:16,127|INFO|212|_FieldDefine|required|uint32|id|唯一标识
2017-10-26 16:11:16,128|INFO|204|_FieldDefine|row=0, col=1, repeated_num=0
2017-10-26 16:11:16,128|INFO|212|_FieldDefine|required|string|username|姓名
2017-10-26 16:11:16,128|INFO|204|_FieldDefine|row=0, col=2, repeated_num=0
2017-10-26 16:11:16,128|INFO|212|_FieldDefine|optional|uint32|age|年龄
2017-10-26 16:11:16,128|INFO|204|_FieldDefine|row=0, col=3, repeated_num=0
2017-10-26 16:11:16,128|DEBUG|229|_FieldDefine|repeated|3.0
2017-10-26 16:11:16,128|INFO|234|_FieldDefine|repeated|3
2017-10-26 16:11:16,128|INFO|204|_FieldDefine|row=0, col=4, repeated_num=3
2017-10-26 16:11:16,128|INFO|256|_FieldDefine|optional_struct|2|grade|grade_arr
2017-10-26 16:11:16,128|INFO|204|_FieldDefine|row=0, col=5, repeated_num=0
2017-10-26 16:11:16,128|INFO|212|_FieldDefine|optional|string|gradename|年级
2017-10-26 16:11:16,128|INFO|204|_FieldDefine|row=0, col=6, repeated_num=0
2017-10-26 16:11:16,128|INFO|212|_FieldDefine|optional|uint32|start_year|开始时间
2017-10-26 16:12:10,055|INFO|108|_initlog|



2017-10-26 16:12:10,055|INFO|109|_initlog|logger is inited!
2017-10-26 16:12:10,065|INFO|174|Interpreter|begin Interpreter, row_count = 6, col_count = 13
2017-10-26 16:12:10,065|INFO|204|_FieldDefine|row=0, col=0, repeated_num=0
2017-10-26 16:12:10,065|INFO|212|_FieldDefine|required|uint32|id|唯一标识
2017-10-26 16:12:10,065|INFO|204|_FieldDefine|row=0, col=1, repeated_num=0
2017-10-26 16:12:10,065|INFO|212|_FieldDefine|required|string|username|姓名
2017-10-26 16:12:10,065|INFO|204|_FieldDefine|row=0, col=2, repeated_num=0
2017-10-26 16:12:10,065|INFO|212|_FieldDefine|optional|uint32|age|年龄
2017-10-26 16:12:10,065|INFO|204|_FieldDefine|row=0, col=3, repeated_num=0
2017-10-26 16:12:10,065|DEBUG|229|_FieldDefine|repeated|3.0
2017-10-26 16:12:10,065|INFO|234|_FieldDefine|repeated|3
2017-10-26 16:12:10,065|INFO|204|_FieldDefine|row=0, col=4, repeated_num=3
2017-10-26 16:12:10,065|INFO|256|_FieldDefine|optional_struct|2|grade|grade_arr
2017-10-26 16:12:10,065|INFO|204|_FieldDefine|row=0, col=5, repeated_num=0
2017-10-26 16:12:10,065|INFO|212|_FieldDefine|optional|string|gradename|年级
2017-10-26 16:12:10,065|INFO|204|_FieldDefine|row=0, col=6, repeated_num=0
2017-10-26 16:12:10,065|INFO|212|_FieldDefine|optional|uint32|start_year|开始时间
2017-10-26 16:12:41,357|INFO|108|_initlog|



2017-10-26 16:12:41,358|INFO|109|_initlog|logger is inited!
2017-10-26 16:12:41,365|INFO|174|Interpreter|begin Interpreter, row_count = 6, col_count = 13
2017-10-26 16:12:41,365|INFO|204|_FieldDefine|row=0, col=0, repeated_num=0
2017-10-26 16:12:41,365|INFO|212|_FieldDefine|required|uint32|id|唯一标识
2017-10-26 16:12:41,367|INFO|204|_FieldDefine|row=0, col=1, repeated_num=0
2017-10-26 16:12:41,367|INFO|212|_FieldDefine|required|string|username|姓名
2017-10-26 16:12:41,367|INFO|204|_FieldDefine|row=0, col=2, repeated_num=0
2017-10-26 16:12:41,367|INFO|212|_FieldDefine|optional|uint32|age|年龄
2017-10-26 16:12:41,367|INFO|204|_FieldDefine|row=0, col=3, repeated_num=0
2017-10-26 16:12:41,367|DEBUG|229|_FieldDefine|repeated|3.0
2017-10-26 16:12:41,367|INFO|234|_FieldDefine|repeated|3
2017-10-26 16:12:41,367|INFO|204|_FieldDefine|row=0, col=4, repeated_num=3
2017-10-26 16:12:41,367|INFO|256|_FieldDefine|optional_struct|2|grade|grade_arr
2017-10-26 16:12:41,368|INFO|204|_FieldDefine|row=0, col=5, repeated_num=0
2017-10-26 16:12:41,368|INFO|212|_FieldDefine|optional|string|gradename|年级
2017-10-26 16:12:41,368|INFO|204|_FieldDefine|row=0, col=6, repeated_num=0
2017-10-26 16:12:41,368|INFO|212|_FieldDefine|optional|uint32|start_year|开始时间
2017-10-26 16:13:12,624|INFO|108|_initlog|



2017-10-26 16:13:12,624|INFO|109|_initlog|logger is inited!
2017-10-26 16:13:12,632|INFO|174|Interpreter|begin Interpreter, row_count = 6, col_count = 13
2017-10-26 16:13:12,632|INFO|204|_FieldDefine|row=0, col=0, repeated_num=0
2017-10-26 16:13:12,634|INFO|212|_FieldDefine|required|uint32|id|唯一标识
2017-10-26 16:13:12,634|INFO|204|_FieldDefine|row=0, col=1, repeated_num=0
2017-10-26 16:13:12,634|INFO|212|_FieldDefine|required|string|username|姓名
2017-10-26 16:13:12,634|INFO|204|_FieldDefine|row=0, col=2, repeated_num=0
2017-10-26 16:13:12,634|INFO|212|_FieldDefine|optional|uint32|age|年龄
2017-10-26 16:13:12,634|INFO|204|_FieldDefine|row=0, col=3, repeated_num=0
2017-10-26 16:13:12,634|DEBUG|229|_FieldDefine|repeated|3.0
2017-10-26 16:13:12,634|INFO|234|_FieldDefine|repeated|3
2017-10-26 16:13:12,634|INFO|204|_FieldDefine|row=0, col=4, repeated_num=3
2017-10-26 16:13:12,634|INFO|256|_FieldDefine|optional_struct|2|grade|grade_arr
2017-10-26 16:13:12,634|INFO|204|_FieldDefine|row=0, col=5, repeated_num=0
2017-10-26 16:13:12,634|INFO|212|_FieldDefine|optional|string|gradename|年级
2017-10-26 16:13:12,634|INFO|204|_FieldDefine|row=0, col=6, repeated_num=0
2017-10-26 16:13:12,634|INFO|212|_FieldDefine|optional|uint32|start_year|开始时间
2017-10-26 16:14:25,256|INFO|108|_initlog|



2017-10-26 16:14:25,256|INFO|109|_initlog|logger is inited!
2017-10-26 16:14:25,266|INFO|174|Interpreter|begin Interpreter, row_count = 6, col_count = 13
2017-10-26 16:14:25,266|INFO|204|_FieldDefine|row=0, col=0, repeated_num=0
2017-10-26 16:14:25,266|INFO|212|_FieldDefine|required|uint32|id|唯一标识
2017-10-26 16:14:25,267|INFO|204|_FieldDefine|row=0, col=1, repeated_num=0
2017-10-26 16:14:25,267|INFO|212|_FieldDefine|required|string|username|姓名
2017-10-26 16:14:25,267|INFO|204|_FieldDefine|row=0, col=2, repeated_num=0
2017-10-26 16:14:25,267|INFO|212|_FieldDefine|optional|uint32|age|年龄
2017-10-26 16:14:25,267|INFO|204|_FieldDefine|row=0, col=3, repeated_num=0
2017-10-26 16:14:25,267|DEBUG|229|_FieldDefine|repeated|3.0
2017-10-26 16:14:25,267|INFO|234|_FieldDefine|repeated|3
2017-10-26 16:14:25,267|INFO|204|_FieldDefine|row=0, col=4, repeated_num=3
2017-10-26 16:14:25,267|INFO|256|_FieldDefine|optional_struct|2|grade|grade_arr
2017-10-26 16:14:25,267|INFO|204|_FieldDefine|row=0, col=5, repeated_num=0
2017-10-26 16:14:25,267|INFO|212|_FieldDefine|optional|string|gradename|年级
2017-10-26 16:14:25,269|INFO|204|_FieldDefine|row=0, col=6, repeated_num=0
2017-10-26 16:14:25,269|INFO|212|_FieldDefine|optional|uint32|start_year|开始时间
2017-10-26 16:14:45,628|INFO|108|_initlog|



2017-10-26 16:14:45,628|INFO|109|_initlog|logger is inited!
2017-10-26 16:14:45,637|INFO|174|Interpreter|begin Interpreter, row_count = 6, col_count = 13
2017-10-26 16:14:45,638|INFO|204|_FieldDefine|row=0, col=0, repeated_num=0
2017-10-26 16:14:45,638|INFO|212|_FieldDefine|required|uint32|id|唯一标识
2017-10-26 16:14:45,638|INFO|204|_FieldDefine|row=0, col=1, repeated_num=0
2017-10-26 16:14:45,638|INFO|212|_FieldDefine|required|string|username|姓名
2017-10-26 16:14:45,638|INFO|204|_FieldDefine|row=0, col=2, repeated_num=0
2017-10-26 16:14:45,638|INFO|212|_FieldDefine|optional|uint32|age|年龄
2017-10-26 16:14:45,638|INFO|204|_FieldDefine|row=0, col=3, repeated_num=0
2017-10-26 16:14:45,638|DEBUG|229|_FieldDefine|repeated|3.0
2017-10-26 16:14:45,638|INFO|234|_FieldDefine|repeated|3
2017-10-26 16:14:45,638|INFO|204|_FieldDefine|row=0, col=4, repeated_num=3
2017-10-26 16:14:45,638|INFO|256|_FieldDefine|optional_struct|2|grade|grade_arr
2017-10-26 16:14:45,638|INFO|204|_FieldDefine|row=0, col=5, repeated_num=0
2017-10-26 16:14:45,638|INFO|212|_FieldDefine|optional|string|gradename|年级
2017-10-26 16:14:45,638|INFO|204|_FieldDefine|row=0, col=6, repeated_num=0
2017-10-26 16:14:45,638|INFO|212|_FieldDefine|optional|uint32|start_year|开始时间
2017-10-26 16:15:33,069|INFO|108|_initlog|



2017-10-26 16:15:33,069|INFO|109|_initlog|logger is inited!
2017-10-26 16:15:41,125|INFO|108|_initlog|



2017-10-26 16:15:41,125|INFO|109|_initlog|logger is inited!
2017-10-26 16:15:41,135|INFO|174|Interpreter|begin Interpreter, row_count = 6, col_count = 13
2017-10-26 16:15:41,135|INFO|204|_FieldDefine|row=0, col=0, repeated_num=0
2017-10-26 16:15:41,135|INFO|212|_FieldDefine|required|uint32|id|唯一标识
2017-10-26 16:15:41,137|INFO|204|_FieldDefine|row=0, col=1, repeated_num=0
2017-10-26 16:15:41,137|INFO|212|_FieldDefine|required|string|username|姓名
2017-10-26 16:15:41,137|INFO|204|_FieldDefine|row=0, col=2, repeated_num=0
2017-10-26 16:15:41,137|INFO|212|_FieldDefine|optional|uint32|age|年龄
2017-10-26 16:15:41,137|INFO|204|_FieldDefine|row=0, col=3, repeated_num=0
2017-10-26 16:15:41,137|DEBUG|229|_FieldDefine|repeated|3.0
2017-10-26 16:15:41,137|INFO|234|_FieldDefine|repeated|3
2017-10-26 16:15:41,137|INFO|204|_FieldDefine|row=0, col=4, repeated_num=3
2017-10-26 16:15:41,137|INFO|256|_FieldDefine|optional_struct|2|grade|grade_arr
2017-10-26 16:15:41,138|INFO|204|_FieldDefine|row=0, col=5, repeated_num=0
2017-10-26 16:15:41,138|INFO|212|_FieldDefine|optional|string|gradename|年级
2017-10-26 16:15:41,138|INFO|204|_FieldDefine|row=0, col=6, repeated_num=0
2017-10-26 16:15:41,138|INFO|212|_FieldDefine|optional|uint32|start_year|开始时间
2017-10-26 16:16:55,654|INFO|108|_initlog|



2017-10-26 16:16:55,654|INFO|109|_initlog|logger is inited!
2017-10-26 16:17:14,862|INFO|108|_initlog|



2017-10-26 16:17:14,864|INFO|109|_initlog|logger is inited!
2017-10-26 16:17:14,872|INFO|174|Interpreter|begin Interpreter, row_count = 6, col_count = 13
2017-10-26 16:17:14,872|INFO|204|_FieldDefine|row=0, col=0, repeated_num=0
2017-10-26 16:17:14,872|INFO|212|_FieldDefine|required|uint32|id|唯一标识
2017-10-26 16:17:14,874|INFO|204|_FieldDefine|row=0, col=1, repeated_num=0
2017-10-26 16:17:14,874|INFO|212|_FieldDefine|required|string|username|姓名
2017-10-26 16:17:14,874|INFO|204|_FieldDefine|row=0, col=2, repeated_num=0
2017-10-26 16:17:14,874|INFO|212|_FieldDefine|optional|uint32|age|年龄
2017-10-26 16:17:14,874|INFO|204|_FieldDefine|row=0, col=3, repeated_num=0
2017-10-26 16:17:14,874|DEBUG|229|_FieldDefine|repeated|3.0
2017-10-26 16:17:14,874|INFO|234|_FieldDefine|repeated|3
2017-10-26 16:17:14,874|INFO|204|_FieldDefine|row=0, col=4, repeated_num=3
2017-10-26 16:17:14,874|INFO|256|_FieldDefine|optional_struct|2|grade|grade_arr
2017-10-26 16:17:14,874|INFO|204|_FieldDefine|row=0, col=5, repeated_num=0
2017-10-26 16:17:14,874|INFO|212|_FieldDefine|optional|string|gradename|年级
2017-10-26 16:17:14,874|INFO|204|_FieldDefine|row=0, col=6, repeated_num=0
2017-10-26 16:17:14,874|INFO|212|_FieldDefine|optional|uint32|start_year|开始时间
2017-10-26 16:18:22,980|INFO|108|_initlog|



2017-10-26 16:18:22,980|INFO|109|_initlog|logger is inited!
2017-10-26 16:18:29,062|INFO|108|_initlog|



2017-10-26 16:18:29,063|INFO|109|_initlog|logger is inited!
2017-10-26 16:18:29,075|INFO|174|Interpreter|begin Interpreter, row_count = 6, col_count = 13
2017-10-26 16:18:29,075|INFO|204|_FieldDefine|row=0, col=0, repeated_num=0
2017-10-26 16:18:29,075|INFO|212|_FieldDefine|required|uint32|id|唯一标识
2017-10-26 16:18:29,075|INFO|204|_FieldDefine|row=0, col=1, repeated_num=0
2017-10-26 16:18:29,075|INFO|212|_FieldDefine|required|string|username|姓名
2017-10-26 16:18:29,075|INFO|204|_FieldDefine|row=0, col=2, repeated_num=0
2017-10-26 16:18:29,075|INFO|212|_FieldDefine|optional|uint32|age|年龄
2017-10-26 16:18:29,076|INFO|204|_FieldDefine|row=0, col=3, repeated_num=0
2017-10-26 16:18:29,076|DEBUG|229|_FieldDefine|repeated|3.0
2017-10-26 16:18:29,076|INFO|234|_FieldDefine|repeated|3
2017-10-26 16:18:29,076|INFO|204|_FieldDefine|row=0, col=4, repeated_num=3
2017-10-26 16:18:29,076|INFO|256|_FieldDefine|optional_struct|2|grade|grade_arr
2017-10-26 16:18:29,076|INFO|204|_FieldDefine|row=0, col=5, repeated_num=0
2017-10-26 16:18:29,076|INFO|212|_FieldDefine|optional|string|gradename|年级
2017-10-26 16:18:29,076|INFO|204|_FieldDefine|row=0, col=6, repeated_num=0
2017-10-26 16:18:29,076|INFO|212|_FieldDefine|optional|uint32|start_year|开始时间
2017-10-26 16:20:25,286|INFO|108|_initlog|



2017-10-26 16:20:25,286|INFO|109|_initlog|logger is inited!
2017-10-26 16:20:29,658|INFO|108|_initlog|



2017-10-26 16:20:29,658|INFO|109|_initlog|logger is inited!
2017-10-26 16:20:29,671|INFO|174|Interpreter|begin Interpreter, row_count = 6, col_count = 13
2017-10-26 16:20:29,671|INFO|204|_FieldDefine|row=0, col=0, repeated_num=0
2017-10-26 16:20:29,671|INFO|212|_FieldDefine|required|uint32|id|唯一标识
2017-10-26 16:20:29,671|INFO|204|_FieldDefine|row=0, col=1, repeated_num=0
2017-10-26 16:20:29,671|INFO|212|_FieldDefine|required|string|username|姓名
2017-10-26 16:20:29,671|INFO|204|_FieldDefine|row=0, col=2, repeated_num=0
2017-10-26 16:20:29,671|INFO|212|_FieldDefine|optional|uint32|age|年龄
2017-10-26 16:20:29,671|INFO|204|_FieldDefine|row=0, col=3, repeated_num=0
2017-10-26 16:20:29,671|DEBUG|229|_FieldDefine|repeated|3.0
2017-10-26 16:20:29,671|INFO|234|_FieldDefine|repeated|3
2017-10-26 16:20:29,671|INFO|204|_FieldDefine|row=0, col=4, repeated_num=3
2017-10-26 16:20:29,671|INFO|256|_FieldDefine|optional_struct|2|grade|grade_arr
2017-10-26 16:20:29,671|INFO|204|_FieldDefine|row=0, col=5, repeated_num=0
2017-10-26 16:20:29,671|INFO|212|_FieldDefine|optional|string|gradename|年级
2017-10-26 16:20:29,673|INFO|204|_FieldDefine|row=0, col=6, repeated_num=0
2017-10-26 16:20:29,673|INFO|212|_FieldDefine|optional|uint32|start_year|开始时间
2017-10-26 16:20:53,283|INFO|108|_initlog|



2017-10-26 16:20:53,283|INFO|109|_initlog|logger is inited!
2017-10-26 16:20:56,819|INFO|108|_initlog|



2017-10-26 16:20:56,819|INFO|109|_initlog|logger is inited!
2017-10-26 16:20:56,826|INFO|174|Interpreter|begin Interpreter, row_count = 6, col_count = 13
2017-10-26 16:20:56,826|INFO|204|_FieldDefine|row=0, col=0, repeated_num=0
2017-10-26 16:20:56,828|INFO|212|_FieldDefine|required|uint32|id|唯一标识
2017-10-26 16:20:56,828|INFO|204|_FieldDefine|row=0, col=1, repeated_num=0
2017-10-26 16:20:56,828|INFO|212|_FieldDefine|required|string|username|姓名
2017-10-26 16:20:56,828|INFO|204|_FieldDefine|row=0, col=2, repeated_num=0
2017-10-26 16:20:56,828|INFO|212|_FieldDefine|optional|uint32|age|年龄
2017-10-26 16:20:56,828|INFO|204|_FieldDefine|row=0, col=3, repeated_num=0
2017-10-26 16:20:56,828|DEBUG|229|_FieldDefine|repeated|3.0
2017-10-26 16:20:56,828|INFO|234|_FieldDefine|repeated|3
2017-10-26 16:20:56,828|INFO|204|_FieldDefine|row=0, col=4, repeated_num=3
2017-10-26 16:20:56,828|INFO|256|_FieldDefine|optional_struct|2|grade|grade_arr
2017-10-26 16:20:56,828|INFO|204|_FieldDefine|row=0, col=5, repeated_num=0
2017-10-26 16:20:56,828|INFO|212|_FieldDefine|optional|string|gradename|年级
2017-10-26 16:20:56,828|INFO|204|_FieldDefine|row=0, col=6, repeated_num=0
2017-10-26 16:20:56,828|INFO|212|_FieldDefine|optional|uint32|start_year|开始时间
2017-10-26 16:20:57,022|INFO|440|Parse|begin parse, row_count = 6, col_count = 13
2017-10-26 16:20:57,023|INFO|474|_ParseLine|4
2017-10-26 16:20:57,023|INFO|490|_ParseField|4|0
2017-10-26 16:20:57,023|INFO|491|_ParseField|required|uint32|id
2017-10-26 16:20:57,023|INFO|616|_GetFieldValue|4|0|1.0
2017-10-26 16:20:57,023|INFO|490|_ParseField|4|1
2017-10-26 16:20:57,023|INFO|491|_ParseField|required|string|username
2017-10-26 16:20:57,023|INFO|616|_GetFieldValue|4|1|hehe
2017-10-26 16:20:57,023|INFO|490|_ParseField|4|2
2017-10-26 16:20:57,023|INFO|491|_ParseField|optional|uint32|age
2017-10-26 16:20:57,023|INFO|616|_GetFieldValue|4|2|24.0
2017-10-26 16:20:57,023|DEBUG|516|_ParseField|repeated|3.0
2017-10-26 16:20:57,023|INFO|524|_ParseField|repeated|3|3
2017-10-26 16:20:57,023|INFO|568|_ParseField|optional_struct|2|grade|grade_arr
2017-10-26 16:20:57,023|INFO|490|_ParseField|4|5
2017-10-26 16:20:57,023|INFO|491|_ParseField|optional|string|gradename
2017-10-26 16:20:57,023|INFO|616|_GetFieldValue|4|5|高中
2017-10-26 16:20:57,023|INFO|490|_ParseField|4|6
2017-10-26 16:20:57,023|INFO|491|_ParseField|optional|uint32|start_year
2017-10-26 16:20:57,023|INFO|616|_GetFieldValue|4|6|2009.0
2017-10-26 16:20:57,025|INFO|490|_ParseField|4|8
2017-10-26 16:20:57,025|INFO|491|_ParseField|optional|string|gradename
2017-10-26 16:20:57,025|INFO|616|_GetFieldValue|4|8|大学
2017-10-26 16:20:57,025|INFO|490|_ParseField|4|9
2017-10-26 16:20:57,025|INFO|491|_ParseField|optional|uint32|start_year
2017-10-26 16:20:57,025|INFO|616|_GetFieldValue|4|9|2012.0
2017-10-26 16:20:57,025|INFO|490|_ParseField|4|11
2017-10-26 16:20:57,025|INFO|491|_ParseField|optional|string|gradename
2017-10-26 16:20:57,025|INFO|616|_GetFieldValue|4|11|初中
2017-10-26 16:20:57,025|INFO|490|_ParseField|4|12
2017-10-26 16:20:57,025|INFO|491|_ParseField|optional|uint32|start_year
2017-10-26 16:20:57,025|INFO|616|_GetFieldValue|4|12|2006.0
2017-10-26 16:20:57,025|INFO|474|_ParseLine|5
2017-10-26 16:20:57,026|INFO|490|_ParseField|5|0
2017-10-26 16:20:57,026|INFO|491|_ParseField|required|uint32|id
2017-10-26 16:20:57,026|INFO|616|_GetFieldValue|5|0|2.0
2017-10-26 16:20:57,026|INFO|490|_ParseField|5|1
2017-10-26 16:20:57,026|INFO|491|_ParseField|required|string|username
2017-10-26 16:20:57,026|INFO|616|_GetFieldValue|5|1|shushu
2017-10-26 16:20:57,026|INFO|490|_ParseField|5|2
2017-10-26 16:20:57,026|INFO|491|_ParseField|optional|uint32|age
2017-10-26 16:20:57,026|INFO|616|_GetFieldValue|5|2|25.0
2017-10-26 16:20:57,026|DEBUG|516|_ParseField|repeated|3.0
2017-10-26 16:20:57,026|INFO|524|_ParseField|repeated|3|3
2017-10-26 16:20:57,026|INFO|568|_ParseField|optional_struct|2|grade|grade_arr
2017-10-26 16:20:57,026|INFO|490|_ParseField|5|5
2017-10-26 16:20:57,026|INFO|491|_ParseField|optional|string|gradename
2017-10-26 16:20:57,026|INFO|616|_GetFieldValue|5|5|高中
2017-10-26 16:20:57,026|INFO|490|_ParseField|5|6
2017-10-26 16:20:57,026|INFO|491|_ParseField|optional|uint32|start_year
2017-10-26 16:20:57,026|INFO|616|_GetFieldValue|5|6|2008.0
2017-10-26 16:20:57,026|INFO|490|_ParseField|5|8
2017-10-26 16:20:57,026|INFO|491|_ParseField|optional|string|gradename
2017-10-26 16:20:57,026|INFO|616|_GetFieldValue|5|8|大学
2017-10-26 16:20:57,026|INFO|490|_ParseField|5|9
2017-10-26 16:20:57,026|INFO|491|_ParseField|optional|uint32|start_year
2017-10-26 16:20:57,026|INFO|616|_GetFieldValue|5|9|2011.0
2017-10-26 16:20:57,026|INFO|490|_ParseField|5|11
2017-10-26 16:20:57,026|INFO|491|_ParseField|optional|string|gradename
2017-10-26 16:20:57,026|INFO|616|_GetFieldValue|5|11|初中
2017-10-26 16:20:57,026|INFO|490|_ParseField|5|12
2017-10-26 16:20:57,026|INFO|491|_ParseField|optional|uint32|start_year
2017-10-26 16:20:57,026|INFO|616|_GetFieldValue|5|12|2005.0
2017-10-26 16:20:57,026|INFO|462|Parse|parse result:
items {
  id: 1
  username: "hehe"
  age: 24
  grade_arr {
    gradename: "\351\253\230\344\270\255"
    start_year: 2009
  }
  grade_arr {
    gradename: "\345\244\247\345\255\246"
    start_year: 2012
  }
  grade_arr {
    gradename: "\345\210\235\344\270\255"
    start_year: 2006
  }
}
items {
  id: 2
  username: "shushu"
  age: 25
  grade_arr {
    gradename: "\351\253\230\344\270\255"
    start_year: 2008
  }
  grade_arr {
    gradename: "\345\244\247\345\255\246"
    start_year: 2011
  }
  grade_arr {
    gradename: "\345\210\235\344\270\255"
    start_year: 2005
  }
}

2017-10-26 16:21:35,463|INFO|108|_initlog|



2017-10-26 16:21:35,464|INFO|109|_initlog|logger is inited!
2017-10-26 16:21:42,137|INFO|108|_initlog|



2017-10-26 16:21:42,137|INFO|109|_initlog|logger is inited!
2017-10-26 16:21:42,148|INFO|174|Interpreter|begin Interpreter, row_count = 6, col_count = 13
2017-10-26 16:21:42,148|INFO|204|_FieldDefine|row=0, col=0, repeated_num=0
2017-10-26 16:21:42,148|INFO|212|_FieldDefine|required|uint32|id|唯一标识
2017-10-26 16:21:42,150|INFO|204|_FieldDefine|row=0, col=1, repeated_num=0
2017-10-26 16:21:42,150|INFO|212|_FieldDefine|required|string|username|姓名
2017-10-26 16:21:42,150|INFO|204|_FieldDefine|row=0, col=2, repeated_num=0
2017-10-26 16:21:42,150|INFO|212|_FieldDefine|optional|uint32|age|年龄
2017-10-26 16:21:42,150|INFO|204|_FieldDefine|row=0, col=3, repeated_num=0
2017-10-26 16:21:42,150|DEBUG|229|_FieldDefine|repeated|3.0
2017-10-26 16:21:42,150|INFO|234|_FieldDefine|repeated|3
2017-10-26 16:21:42,150|INFO|204|_FieldDefine|row=0, col=4, repeated_num=3
2017-10-26 16:21:42,150|INFO|256|_FieldDefine|optional_struct|2|grade|grade_arr
2017-10-26 16:21:42,150|INFO|204|_FieldDefine|row=0, col=5, repeated_num=0
2017-10-26 16:21:42,150|INFO|212|_FieldDefine|optional|string|gradename|年级
2017-10-26 16:21:42,151|INFO|204|_FieldDefine|row=0, col=6, repeated_num=0
2017-10-26 16:21:42,151|INFO|212|_FieldDefine|optional|uint32|start_year|开始时间
2017-10-26 16:21:42,358|INFO|439|Parse|begin parse, row_count = 6, col_count = 13
2017-10-26 16:21:42,358|INFO|473|_ParseLine|4
2017-10-26 16:21:42,358|INFO|489|_ParseField|4|0
2017-10-26 16:21:42,358|INFO|490|_ParseField|required|uint32|id
2017-10-26 16:21:42,358|INFO|615|_GetFieldValue|4|0|1.0
2017-10-26 16:21:42,358|INFO|489|_ParseField|4|1
2017-10-26 16:21:42,358|INFO|490|_ParseField|required|string|username
2017-10-26 16:21:42,358|INFO|615|_GetFieldValue|4|1|hehe
2017-10-26 16:21:42,358|INFO|489|_ParseField|4|2
2017-10-26 16:21:42,358|INFO|490|_ParseField|optional|uint32|age
2017-10-26 16:21:42,358|INFO|615|_GetFieldValue|4|2|24.0
2017-10-26 16:21:42,358|DEBUG|515|_ParseField|repeated|3.0
2017-10-26 16:21:42,358|INFO|523|_ParseField|repeated|3|3
2017-10-26 16:21:42,358|INFO|567|_ParseField|optional_struct|2|grade|grade_arr
2017-10-26 16:21:42,358|INFO|489|_ParseField|4|5
2017-10-26 16:21:42,358|INFO|490|_ParseField|optional|string|gradename
2017-10-26 16:21:42,358|INFO|615|_GetFieldValue|4|5|高中
2017-10-26 16:21:42,358|INFO|489|_ParseField|4|6
2017-10-26 16:21:42,359|INFO|490|_ParseField|optional|uint32|start_year
2017-10-26 16:21:42,359|INFO|615|_GetFieldValue|4|6|2009.0
2017-10-26 16:21:42,359|INFO|489|_ParseField|4|8
2017-10-26 16:21:42,359|INFO|490|_ParseField|optional|string|gradename
2017-10-26 16:21:42,359|INFO|615|_GetFieldValue|4|8|大学
2017-10-26 16:21:42,359|INFO|489|_ParseField|4|9
2017-10-26 16:21:42,359|INFO|490|_ParseField|optional|uint32|start_year
2017-10-26 16:21:42,359|INFO|615|_GetFieldValue|4|9|2012.0
2017-10-26 16:21:42,359|INFO|489|_ParseField|4|11
2017-10-26 16:21:42,359|INFO|490|_ParseField|optional|string|gradename
2017-10-26 16:21:42,359|INFO|615|_GetFieldValue|4|11|初中
2017-10-26 16:21:42,359|INFO|489|_ParseField|4|12
2017-10-26 16:21:42,359|INFO|490|_ParseField|optional|uint32|start_year
2017-10-26 16:21:42,359|INFO|615|_GetFieldValue|4|12|2006.0
2017-10-26 16:21:42,359|INFO|473|_ParseLine|5
2017-10-26 16:21:42,361|INFO|489|_ParseField|5|0
2017-10-26 16:21:42,361|INFO|490|_ParseField|required|uint32|id
2017-10-26 16:21:42,361|INFO|615|_GetFieldValue|5|0|2.0
2017-10-26 16:21:42,361|INFO|489|_ParseField|5|1
2017-10-26 16:21:42,361|INFO|490|_ParseField|required|string|username
2017-10-26 16:21:42,361|INFO|615|_GetFieldValue|5|1|shushu
2017-10-26 16:21:42,361|INFO|489|_ParseField|5|2
2017-10-26 16:21:42,361|INFO|490|_ParseField|optional|uint32|age
2017-10-26 16:21:42,361|INFO|615|_GetFieldValue|5|2|25.0
2017-10-26 16:21:42,361|DEBUG|515|_ParseField|repeated|3.0
2017-10-26 16:21:42,361|INFO|523|_ParseField|repeated|3|3
2017-10-26 16:21:42,361|INFO|567|_ParseField|optional_struct|2|grade|grade_arr
2017-10-26 16:21:42,361|INFO|489|_ParseField|5|5
2017-10-26 16:21:42,361|INFO|490|_ParseField|optional|string|gradename
2017-10-26 16:21:42,361|INFO|615|_GetFieldValue|5|5|高中
2017-10-26 16:21:42,361|INFO|489|_ParseField|5|6
2017-10-26 16:21:42,361|INFO|490|_ParseField|optional|uint32|start_year
2017-10-26 16:21:42,361|INFO|615|_GetFieldValue|5|6|2008.0
2017-10-26 16:21:42,361|INFO|489|_ParseField|5|8
2017-10-26 16:21:42,361|INFO|490|_ParseField|optional|string|gradename
2017-10-26 16:21:42,361|INFO|615|_GetFieldValue|5|8|大学
2017-10-26 16:21:42,361|INFO|489|_ParseField|5|9
2017-10-26 16:21:42,361|INFO|490|_ParseField|optional|uint32|start_year
2017-10-26 16:21:42,361|INFO|615|_GetFieldValue|5|9|2011.0
2017-10-26 16:21:42,361|INFO|489|_ParseField|5|11
2017-10-26 16:21:42,361|INFO|490|_ParseField|optional|string|gradename
2017-10-26 16:21:42,361|INFO|615|_GetFieldValue|5|11|初中
2017-10-26 16:21:42,361|INFO|489|_ParseField|5|12
2017-10-26 16:21:42,361|INFO|490|_ParseField|optional|uint32|start_year
2017-10-26 16:21:42,362|INFO|615|_GetFieldValue|5|12|2005.0
2017-10-26 16:21:42,362|INFO|461|Parse|parse result:
items {
  id: 1
  username: "hehe"
  age: 24
  grade_arr {
    gradename: "\351\253\230\344\270\255"
    start_year: 2009
  }
  grade_arr {
    gradename: "\345\244\247\345\255\246"
    start_year: 2012
  }
  grade_arr {
    gradename: "\345\210\235\344\270\255"
    start_year: 2006
  }
}
items {
  id: 2
  username: "shushu"
  age: 25
  grade_arr {
    gradename: "\351\253\230\344\270\255"
    start_year: 2008
  }
  grade_arr {
    gradename: "\345\244\247\345\255\246"
    start_year: 2011
  }
  grade_arr {
    gradename: "\345\210\235\344\270\255"
    start_year: 2005
  }
}

2017-10-26 16:23:36,262|INFO|108|_initlog|



2017-10-26 16:23:36,262|INFO|109|_initlog|logger is inited!
2017-10-26 16:23:36,272|INFO|174|Interpreter|begin Interpreter, row_count = 6, col_count = 13
2017-10-26 16:23:36,273|INFO|204|_FieldDefine|row=0, col=0, repeated_num=0
2017-10-26 16:23:36,273|INFO|212|_FieldDefine|required|uint32|id|唯一标识
2017-10-26 16:23:36,273|INFO|204|_FieldDefine|row=0, col=1, repeated_num=0
2017-10-26 16:23:36,273|INFO|212|_FieldDefine|required|string|username|姓名
2017-10-26 16:23:36,273|INFO|204|_FieldDefine|row=0, col=2, repeated_num=0
2017-10-26 16:23:36,273|INFO|212|_FieldDefine|optional|uint32|age|年龄
2017-10-26 16:23:36,273|INFO|204|_FieldDefine|row=0, col=3, repeated_num=0
2017-10-26 16:23:36,273|DEBUG|229|_FieldDefine|repeated|3.0
2017-10-26 16:23:36,273|INFO|234|_FieldDefine|repeated|3
2017-10-26 16:23:36,273|INFO|204|_FieldDefine|row=0, col=4, repeated_num=3
2017-10-26 16:23:36,273|INFO|256|_FieldDefine|optional_struct|2|grade|grade_arr
2017-10-26 16:23:36,273|INFO|204|_FieldDefine|row=0, col=5, repeated_num=0
2017-10-26 16:23:36,273|INFO|212|_FieldDefine|optional|string|gradename|年级
2017-10-26 16:23:36,273|INFO|204|_FieldDefine|row=0, col=6, repeated_num=0
2017-10-26 16:23:36,273|INFO|212|_FieldDefine|optional|uint32|start_year|开始时间
2017-10-26 16:23:36,436|INFO|439|Parse|begin parse, row_count = 6, col_count = 13
2017-10-26 16:23:36,436|INFO|473|_ParseLine|4
2017-10-26 16:23:36,436|INFO|489|_ParseField|4|0
2017-10-26 16:23:36,436|INFO|490|_ParseField|required|uint32|id
2017-10-26 16:23:36,436|INFO|615|_GetFieldValue|4|0|1.0
2017-10-26 16:23:36,436|INFO|489|_ParseField|4|1
2017-10-26 16:23:36,436|INFO|490|_ParseField|required|string|username
2017-10-26 16:23:36,436|INFO|615|_GetFieldValue|4|1|hehe
2017-10-26 16:23:36,437|INFO|489|_ParseField|4|2
2017-10-26 16:23:36,437|INFO|490|_ParseField|optional|uint32|age
2017-10-26 16:23:36,437|INFO|615|_GetFieldValue|4|2|24.0
2017-10-26 16:23:36,437|DEBUG|515|_ParseField|repeated|3.0
2017-10-26 16:23:36,437|INFO|523|_ParseField|repeated|3|3
2017-10-26 16:23:36,437|INFO|567|_ParseField|optional_struct|2|grade|grade_arr
2017-10-26 16:23:36,437|INFO|489|_ParseField|4|5
2017-10-26 16:23:36,437|INFO|490|_ParseField|optional|string|gradename
2017-10-26 16:23:36,437|INFO|615|_GetFieldValue|4|5|高中
2017-10-26 16:23:36,437|INFO|489|_ParseField|4|6
2017-10-26 16:23:36,437|INFO|490|_ParseField|optional|uint32|start_year
2017-10-26 16:23:36,437|INFO|615|_GetFieldValue|4|6|2009.0
2017-10-26 16:23:36,437|INFO|489|_ParseField|4|8
2017-10-26 16:23:36,437|INFO|490|_ParseField|optional|string|gradename
2017-10-26 16:23:36,437|INFO|615|_GetFieldValue|4|8|大学
2017-10-26 16:23:36,437|INFO|489|_ParseField|4|9
2017-10-26 16:23:36,437|INFO|490|_ParseField|optional|uint32|start_year
2017-10-26 16:23:36,437|INFO|615|_GetFieldValue|4|9|2012.0
2017-10-26 16:23:36,437|INFO|489|_ParseField|4|11
2017-10-26 16:23:36,437|INFO|490|_ParseField|optional|string|gradename
2017-10-26 16:23:36,437|INFO|615|_GetFieldValue|4|11|初中
2017-10-26 16:23:36,437|INFO|489|_ParseField|4|12
2017-10-26 16:23:36,437|INFO|490|_ParseField|optional|uint32|start_year
2017-10-26 16:23:36,437|INFO|615|_GetFieldValue|4|12|2006.0
2017-10-26 16:23:36,437|INFO|473|_ParseLine|5
2017-10-26 16:23:36,437|INFO|489|_ParseField|5|0
2017-10-26 16:23:36,437|INFO|490|_ParseField|required|uint32|id
2017-10-26 16:23:36,437|INFO|615|_GetFieldValue|5|0|2.0
2017-10-26 16:23:36,437|INFO|489|_ParseField|5|1
2017-10-26 16:23:36,437|INFO|490|_ParseField|required|string|username
2017-10-26 16:23:36,437|INFO|615|_GetFieldValue|5|1|shushu
2017-10-26 16:23:36,437|INFO|489|_ParseField|5|2
2017-10-26 16:23:36,438|INFO|490|_ParseField|optional|uint32|age
2017-10-26 16:23:36,438|INFO|615|_GetFieldValue|5|2|25.0
2017-10-26 16:23:36,438|DEBUG|515|_ParseField|repeated|3.0
2017-10-26 16:23:36,438|INFO|523|_ParseField|repeated|3|3
2017-10-26 16:23:36,438|INFO|567|_ParseField|optional_struct|2|grade|grade_arr
2017-10-26 16:23:36,438|INFO|489|_ParseField|5|5
2017-10-26 16:23:36,438|INFO|490|_ParseField|optional|string|gradename
2017-10-26 16:23:36,438|INFO|615|_GetFieldValue|5|5|高中
2017-10-26 16:23:36,438|INFO|489|_ParseField|5|6
2017-10-26 16:23:36,438|INFO|490|_ParseField|optional|uint32|start_year
2017-10-26 16:23:36,438|INFO|615|_GetFieldValue|5|6|2008.0
2017-10-26 16:23:36,438|INFO|489|_ParseField|5|8
2017-10-26 16:23:36,438|INFO|490|_ParseField|optional|string|gradename
2017-10-26 16:23:36,438|INFO|615|_GetFieldValue|5|8|大学
2017-10-26 16:23:36,438|INFO|489|_ParseField|5|9
2017-10-26 16:23:36,438|INFO|490|_ParseField|optional|uint32|start_year
2017-10-26 16:23:36,440|INFO|615|_GetFieldValue|5|9|2011.0
2017-10-26 16:23:36,440|INFO|489|_ParseField|5|11
2017-10-26 16:23:36,440|INFO|490|_ParseField|optional|string|gradename
2017-10-26 16:23:36,440|INFO|615|_GetFieldValue|5|11|初中
2017-10-26 16:23:36,440|INFO|489|_ParseField|5|12
2017-10-26 16:23:36,440|INFO|490|_ParseField|optional|uint32|start_year
2017-10-26 16:23:36,440|INFO|615|_GetFieldValue|5|12|2005.0
2017-10-26 16:23:36,440|INFO|461|Parse|parse result:
items {
  id: 1
  username: "hehe"
  age: 24
  grade_arr {
    gradename: "\351\253\230\344\270\255"
    start_year: 2009
  }
  grade_arr {
    gradename: "\345\244\247\345\255\246"
    start_year: 2012
  }
  grade_arr {
    gradename: "\345\210\235\344\270\255"
    start_year: 2006
  }
}
items {
  id: 2
  username: "shushu"
  age: 25
  grade_arr {
    gradename: "\351\253\230\344\270\255"
    start_year: 2008
  }
  grade_arr {
    gradename: "\345\244\247\345\255\246"
    start_year: 2011
  }
  grade_arr {
    gradename: "\345\210\235\344\270\255"
    start_year: 2005
  }
}

2017-10-26 16:24:35,551|INFO|108|_initlog|



2017-10-26 16:24:35,552|INFO|109|_initlog|logger is inited!
2017-10-26 16:24:35,561|INFO|174|Interpreter|begin Interpreter, row_count = 6, col_count = 13
2017-10-26 16:24:35,561|INFO|204|_FieldDefine|row=0, col=0, repeated_num=0
2017-10-26 16:24:35,561|INFO|212|_FieldDefine|required|uint32|id|唯一标识
2017-10-26 16:24:35,562|INFO|204|_FieldDefine|row=0, col=1, repeated_num=0
2017-10-26 16:24:35,562|INFO|212|_FieldDefine|required|string|username|姓名
2017-10-26 16:24:35,562|INFO|204|_FieldDefine|row=0, col=2, repeated_num=0
2017-10-26 16:24:35,562|INFO|212|_FieldDefine|optional|uint32|age|年龄
2017-10-26 16:24:35,562|INFO|204|_FieldDefine|row=0, col=3, repeated_num=0
2017-10-26 16:24:35,562|DEBUG|229|_FieldDefine|repeated|3.0
2017-10-26 16:24:35,562|INFO|234|_FieldDefine|repeated|3
2017-10-26 16:24:35,562|INFO|204|_FieldDefine|row=0, col=4, repeated_num=3
2017-10-26 16:24:35,562|INFO|256|_FieldDefine|optional_struct|2|grade|grade_arr
2017-10-26 16:24:35,562|INFO|204|_FieldDefine|row=0, col=5, repeated_num=0
2017-10-26 16:24:35,562|INFO|212|_FieldDefine|optional|string|gradename|年级
2017-10-26 16:24:35,562|INFO|204|_FieldDefine|row=0, col=6, repeated_num=0
2017-10-26 16:24:35,562|INFO|212|_FieldDefine|optional|uint32|start_year|开始时间
2017-10-26 16:24:35,723|INFO|439|Parse|begin parse, row_count = 6, col_count = 13
2017-10-26 16:24:35,723|INFO|473|_ParseLine|4
2017-10-26 16:24:35,723|INFO|489|_ParseField|4|0
2017-10-26 16:24:35,723|INFO|490|_ParseField|required|uint32|id
2017-10-26 16:24:35,723|INFO|615|_GetFieldValue|4|0|1.0
2017-10-26 16:24:35,723|INFO|489|_ParseField|4|1
2017-10-26 16:24:35,724|INFO|490|_ParseField|required|string|username
2017-10-26 16:24:35,724|INFO|615|_GetFieldValue|4|1|hehe
2017-10-26 16:24:35,724|INFO|489|_ParseField|4|2
2017-10-26 16:24:35,724|INFO|490|_ParseField|optional|uint32|age
2017-10-26 16:24:35,724|INFO|615|_GetFieldValue|4|2|24.0
2017-10-26 16:24:35,724|DEBUG|515|_ParseField|repeated|3.0
2017-10-26 16:24:35,724|INFO|523|_ParseField|repeated|3|3
2017-10-26 16:24:35,724|INFO|567|_ParseField|optional_struct|2|grade|grade_arr
2017-10-26 16:24:35,724|INFO|489|_ParseField|4|5
2017-10-26 16:24:35,724|INFO|490|_ParseField|optional|string|gradename
2017-10-26 16:24:35,724|INFO|615|_GetFieldValue|4|5|高中
2017-10-26 16:24:35,724|INFO|489|_ParseField|4|6
2017-10-26 16:24:35,724|INFO|490|_ParseField|optional|uint32|start_year
2017-10-26 16:24:35,724|INFO|615|_GetFieldValue|4|6|2009.0
2017-10-26 16:24:35,726|INFO|489|_ParseField|4|8
2017-10-26 16:24:35,726|INFO|490|_ParseField|optional|string|gradename
2017-10-26 16:24:35,726|INFO|615|_GetFieldValue|4|8|大学
2017-10-26 16:24:35,726|INFO|489|_ParseField|4|9
2017-10-26 16:24:35,726|INFO|490|_ParseField|optional|uint32|start_year
2017-10-26 16:24:35,726|INFO|615|_GetFieldValue|4|9|2012.0
2017-10-26 16:24:35,726|INFO|489|_ParseField|4|11
2017-10-26 16:24:35,726|INFO|490|_ParseField|optional|string|gradename
2017-10-26 16:24:35,726|INFO|615|_GetFieldValue|4|11|初中
2017-10-26 16:24:35,726|INFO|489|_ParseField|4|12
2017-10-26 16:24:35,726|INFO|490|_ParseField|optional|uint32|start_year
2017-10-26 16:24:35,726|INFO|615|_GetFieldValue|4|12|2006.0
2017-10-26 16:24:35,726|INFO|473|_ParseLine|5
2017-10-26 16:24:35,726|INFO|489|_ParseField|5|0
2017-10-26 16:24:35,726|INFO|490|_ParseField|required|uint32|id
2017-10-26 16:24:35,726|INFO|615|_GetFieldValue|5|0|2.0
2017-10-26 16:24:35,726|INFO|489|_ParseField|5|1
2017-10-26 16:24:35,726|INFO|490|_ParseField|required|string|username
2017-10-26 16:24:35,726|INFO|615|_GetFieldValue|5|1|shushu
2017-10-26 16:24:35,726|INFO|489|_ParseField|5|2
2017-10-26 16:24:35,726|INFO|490|_ParseField|optional|uint32|age
2017-10-26 16:24:35,726|INFO|615|_GetFieldValue|5|2|25.0
2017-10-26 16:24:35,726|DEBUG|515|_ParseField|repeated|3.0
2017-10-26 16:24:35,726|INFO|523|_ParseField|repeated|3|3
2017-10-26 16:24:35,726|INFO|567|_ParseField|optional_struct|2|grade|grade_arr
2017-10-26 16:24:35,726|INFO|489|_ParseField|5|5
2017-10-26 16:24:35,726|INFO|490|_ParseField|optional|string|gradename
2017-10-26 16:24:35,726|INFO|615|_GetFieldValue|5|5|高中
2017-10-26 16:24:35,726|INFO|489|_ParseField|5|6
2017-10-26 16:24:35,727|INFO|490|_ParseField|optional|uint32|start_year
2017-10-26 16:24:35,727|INFO|615|_GetFieldValue|5|6|2008.0
2017-10-26 16:24:35,727|INFO|489|_ParseField|5|8
2017-10-26 16:24:35,727|INFO|490|_ParseField|optional|string|gradename
2017-10-26 16:24:35,727|INFO|615|_GetFieldValue|5|8|大学
2017-10-26 16:24:35,727|INFO|489|_ParseField|5|9
2017-10-26 16:24:35,727|INFO|490|_ParseField|optional|uint32|start_year
2017-10-26 16:24:35,727|INFO|615|_GetFieldValue|5|9|2011.0
2017-10-26 16:24:35,727|INFO|489|_ParseField|5|11
2017-10-26 16:24:35,727|INFO|490|_ParseField|optional|string|gradename
2017-10-26 16:24:35,727|INFO|615|_GetFieldValue|5|11|初中
2017-10-26 16:24:35,727|INFO|489|_ParseField|5|12
2017-10-26 16:24:35,727|INFO|490|_ParseField|optional|uint32|start_year
2017-10-26 16:24:35,727|INFO|615|_GetFieldValue|5|12|2005.0
2017-10-26 16:24:35,727|INFO|461|Parse|parse result:
items {
  id: 1
  username: "hehe"
  age: 24
  grade_arr {
    gradename: "\351\253\230\344\270\255"
    start_year: 2009
  }
  grade_arr {
    gradename: "\345\244\247\345\255\246"
    start_year: 2012
  }
  grade_arr {
    gradename: "\345\210\235\344\270\255"
    start_year: 2006
  }
}
items {
  id: 2
  username: "shushu"
  age: 25
  grade_arr {
    gradename: "\351\253\230\344\270\255"
    start_year: 2008
  }
  grade_arr {
    gradename: "\345\244\247\345\255\246"
    start_year: 2011
  }
  grade_arr {
    gradename: "\345\210\235\344\270\255"
    start_year: 2005
  }
}

2017-10-26 16:25:26,529|INFO|108|_initlog|



2017-10-26 16:25:26,529|INFO|109|_initlog|logger is inited!
2017-10-26 16:25:26,538|INFO|174|Interpreter|begin Interpreter, row_count = 6, col_count = 13
2017-10-26 16:25:26,538|INFO|204|_FieldDefine|row=0, col=0, repeated_num=0
2017-10-26 16:25:26,538|INFO|212|_FieldDefine|required|uint32|id|唯一标识
2017-10-26 16:25:26,538|INFO|204|_FieldDefine|row=0, col=1, repeated_num=0
2017-10-26 16:25:26,539|INFO|212|_FieldDefine|required|string|username|姓名
2017-10-26 16:25:26,539|INFO|204|_FieldDefine|row=0, col=2, repeated_num=0
2017-10-26 16:25:26,539|INFO|212|_FieldDefine|optional|uint32|age|年龄
2017-10-26 16:25:26,539|INFO|204|_FieldDefine|row=0, col=3, repeated_num=0
2017-10-26 16:25:26,539|DEBUG|229|_FieldDefine|repeated|3.0
2017-10-26 16:25:26,539|INFO|234|_FieldDefine|repeated|3
2017-10-26 16:25:26,539|INFO|204|_FieldDefine|row=0, col=4, repeated_num=3
2017-10-26 16:25:26,539|INFO|256|_FieldDefine|optional_struct|2|grade|grade_arr
2017-10-26 16:25:26,539|INFO|204|_FieldDefine|row=0, col=5, repeated_num=0
2017-10-26 16:25:26,539|INFO|212|_FieldDefine|optional|string|gradename|年级
2017-10-26 16:25:26,539|INFO|204|_FieldDefine|row=0, col=6, repeated_num=0
2017-10-26 16:25:26,539|INFO|212|_FieldDefine|optional|uint32|start_year|开始时间
2017-10-26 16:25:26,686|INFO|439|Parse|begin parse, row_count = 6, col_count = 13
2017-10-26 16:25:26,687|INFO|473|_ParseLine|4
2017-10-26 16:25:26,687|INFO|489|_ParseField|4|0
2017-10-26 16:25:26,687|INFO|490|_ParseField|required|uint32|id
2017-10-26 16:25:26,687|INFO|615|_GetFieldValue|4|0|1.0
2017-10-26 16:25:26,687|INFO|489|_ParseField|4|1
2017-10-26 16:25:26,687|INFO|490|_ParseField|required|string|username
2017-10-26 16:25:26,687|INFO|615|_GetFieldValue|4|1|hehe
2017-10-26 16:25:26,687|INFO|489|_ParseField|4|2
2017-10-26 16:25:26,687|INFO|490|_ParseField|optional|uint32|age
2017-10-26 16:25:26,687|INFO|615|_GetFieldValue|4|2|24.0
2017-10-26 16:25:26,687|DEBUG|515|_ParseField|repeated|3.0
2017-10-26 16:25:26,687|INFO|523|_ParseField|repeated|3|3
2017-10-26 16:25:26,687|INFO|567|_ParseField|optional_struct|2|grade|grade_arr
2017-10-26 16:25:26,687|INFO|489|_ParseField|4|5
2017-10-26 16:25:26,687|INFO|490|_ParseField|optional|string|gradename
2017-10-26 16:25:26,687|INFO|615|_GetFieldValue|4|5|高中
2017-10-26 16:25:26,687|INFO|489|_ParseField|4|6
2017-10-26 16:25:26,687|INFO|490|_ParseField|optional|uint32|start_year
2017-10-26 16:25:26,687|INFO|615|_GetFieldValue|4|6|2009.0
2017-10-26 16:25:26,687|INFO|489|_ParseField|4|8
2017-10-26 16:25:26,687|INFO|490|_ParseField|optional|string|gradename
2017-10-26 16:25:26,687|INFO|615|_GetFieldValue|4|8|大学
2017-10-26 16:25:26,687|INFO|489|_ParseField|4|9
2017-10-26 16:25:26,687|INFO|490|_ParseField|optional|uint32|start_year
2017-10-26 16:25:26,687|INFO|615|_GetFieldValue|4|9|2012.0
2017-10-26 16:25:26,687|INFO|489|_ParseField|4|11
2017-10-26 16:25:26,687|INFO|490|_ParseField|optional|string|gradename
2017-10-26 16:25:26,687|INFO|615|_GetFieldValue|4|11|初中
2017-10-26 16:25:26,688|INFO|489|_ParseField|4|12
2017-10-26 16:25:26,688|INFO|490|_ParseField|optional|uint32|start_year
2017-10-26 16:25:26,688|INFO|615|_GetFieldValue|4|12|2006.0
2017-10-26 16:25:26,688|INFO|473|_ParseLine|5
2017-10-26 16:25:26,688|INFO|489|_ParseField|5|0
2017-10-26 16:25:26,688|INFO|490|_ParseField|required|uint32|id
2017-10-26 16:25:26,688|INFO|615|_GetFieldValue|5|0|2.0
2017-10-26 16:25:26,688|INFO|489|_ParseField|5|1
2017-10-26 16:25:26,688|INFO|490|_ParseField|required|string|username
2017-10-26 16:25:26,688|INFO|615|_GetFieldValue|5|1|shushu
2017-10-26 16:25:26,688|INFO|489|_ParseField|5|2
2017-10-26 16:25:26,688|INFO|490|_ParseField|optional|uint32|age
2017-10-26 16:25:26,688|INFO|615|_GetFieldValue|5|2|25.0
2017-10-26 16:25:26,688|DEBUG|515|_ParseField|repeated|3.0
2017-10-26 16:25:26,688|INFO|523|_ParseField|repeated|3|3
2017-10-26 16:25:26,688|INFO|567|_ParseField|optional_struct|2|grade|grade_arr
2017-10-26 16:25:26,688|INFO|489|_ParseField|5|5
2017-10-26 16:25:26,690|INFO|490|_ParseField|optional|string|gradename
2017-10-26 16:25:26,690|INFO|615|_GetFieldValue|5|5|高中
2017-10-26 16:25:26,690|INFO|489|_ParseField|5|6
2017-10-26 16:25:26,690|INFO|490|_ParseField|optional|uint32|start_year
2017-10-26 16:25:26,690|INFO|615|_GetFieldValue|5|6|2008.0
2017-10-26 16:25:26,690|INFO|489|_ParseField|5|8
2017-10-26 16:25:26,690|INFO|490|_ParseField|optional|string|gradename
2017-10-26 16:25:26,690|INFO|615|_GetFieldValue|5|8|大学
2017-10-26 16:25:26,690|INFO|489|_ParseField|5|9
2017-10-26 16:25:26,690|INFO|490|_ParseField|optional|uint32|start_year
2017-10-26 16:25:26,690|INFO|615|_GetFieldValue|5|9|2011.0
2017-10-26 16:25:26,690|INFO|489|_ParseField|5|11
2017-10-26 16:25:26,690|INFO|490|_ParseField|optional|string|gradename
2017-10-26 16:25:26,690|INFO|615|_GetFieldValue|5|11|初中
2017-10-26 16:25:26,690|INFO|489|_ParseField|5|12
2017-10-26 16:25:26,690|INFO|490|_ParseField|optional|uint32|start_year
2017-10-26 16:25:26,690|INFO|615|_GetFieldValue|5|12|2005.0
2017-10-26 16:25:26,690|INFO|461|Parse|parse result:
items {
  id: 1
  username: "hehe"
  age: 24
  grade_arr {
    gradename: "\351\253\230\344\270\255"
    start_year: 2009
  }
  grade_arr {
    gradename: "\345\244\247\345\255\246"
    start_year: 2012
  }
  grade_arr {
    gradename: "\345\210\235\344\270\255"
    start_year: 2006
  }
}
items {
  id: 2
  username: "shushu"
  age: 25
  grade_arr {
    gradename: "\351\253\230\344\270\255"
    start_year: 2008
  }
  grade_arr {
    gradename: "\345\244\247\345\255\246"
    start_year: 2011
  }
  grade_arr {
    gradename: "\345\210\235\344\270\255"
    start_year: 2005
  }
}

2017-10-26 16:26:24,424|INFO|108|_initlog|



2017-10-26 16:26:24,424|INFO|109|_initlog|logger is inited!
2017-10-26 16:26:24,433|INFO|174|Interpreter|begin Interpreter, row_count = 6, col_count = 13
2017-10-26 16:26:24,434|INFO|204|_FieldDefine|row=0, col=0, repeated_num=0
2017-10-26 16:26:24,434|INFO|212|_FieldDefine|required|uint32|id|唯一标识
2017-10-26 16:26:24,434|INFO|204|_FieldDefine|row=0, col=1, repeated_num=0
2017-10-26 16:26:24,434|INFO|212|_FieldDefine|required|string|username|姓名
2017-10-26 16:26:24,434|INFO|204|_FieldDefine|row=0, col=2, repeated_num=0
2017-10-26 16:26:24,434|INFO|212|_FieldDefine|optional|uint32|age|年龄
2017-10-26 16:26:24,434|INFO|204|_FieldDefine|row=0, col=3, repeated_num=0
2017-10-26 16:26:24,434|DEBUG|229|_FieldDefine|repeated|3.0
2017-10-26 16:26:24,434|INFO|234|_FieldDefine|repeated|3
2017-10-26 16:26:24,434|INFO|204|_FieldDefine|row=0, col=4, repeated_num=3
2017-10-26 16:26:24,434|INFO|256|_FieldDefine|optional_struct|2|grade|grade_arr
2017-10-26 16:26:24,434|INFO|204|_FieldDefine|row=0, col=5, repeated_num=0
2017-10-26 16:26:24,434|INFO|212|_FieldDefine|optional|string|gradename|年级
2017-10-26 16:26:24,434|INFO|204|_FieldDefine|row=0, col=6, repeated_num=0
2017-10-26 16:26:24,434|INFO|212|_FieldDefine|optional|uint32|start_year|开始时间
2017-10-26 16:26:24,569|INFO|439|Parse|begin parse, row_count = 6, col_count = 13
2017-10-26 16:26:24,571|INFO|473|_ParseLine|4
2017-10-26 16:26:24,571|INFO|489|_ParseField|4|0
2017-10-26 16:26:24,571|INFO|490|_ParseField|required|uint32|id
2017-10-26 16:26:24,571|INFO|615|_GetFieldValue|4|0|1.0
2017-10-26 16:26:24,571|INFO|489|_ParseField|4|1
2017-10-26 16:26:24,571|INFO|490|_ParseField|required|string|username
2017-10-26 16:26:24,571|INFO|615|_GetFieldValue|4|1|hehe
2017-10-26 16:26:24,571|INFO|489|_ParseField|4|2
2017-10-26 16:26:24,571|INFO|490|_ParseField|optional|uint32|age
2017-10-26 16:26:24,571|INFO|615|_GetFieldValue|4|2|24.0
2017-10-26 16:26:24,571|DEBUG|515|_ParseField|repeated|3.0
2017-10-26 16:26:24,571|INFO|523|_ParseField|repeated|3|3
2017-10-26 16:26:24,571|INFO|567|_ParseField|optional_struct|2|grade|grade_arr
2017-10-26 16:26:24,572|INFO|489|_ParseField|4|5
2017-10-26 16:26:24,572|INFO|490|_ParseField|optional|string|gradename
2017-10-26 16:26:24,572|INFO|615|_GetFieldValue|4|5|高中
2017-10-26 16:26:24,572|INFO|489|_ParseField|4|6
2017-10-26 16:26:24,572|INFO|490|_ParseField|optional|uint32|start_year
2017-10-26 16:26:24,572|INFO|615|_GetFieldValue|4|6|2009.0
2017-10-26 16:26:24,572|INFO|489|_ParseField|4|8
2017-10-26 16:26:24,572|INFO|490|_ParseField|optional|string|gradename
2017-10-26 16:26:24,572|INFO|615|_GetFieldValue|4|8|大学
2017-10-26 16:26:24,572|INFO|489|_ParseField|4|9
2017-10-26 16:26:24,572|INFO|490|_ParseField|optional|uint32|start_year
2017-10-26 16:26:24,572|INFO|615|_GetFieldValue|4|9|2012.0
2017-10-26 16:26:24,572|INFO|489|_ParseField|4|11
2017-10-26 16:26:24,572|INFO|490|_ParseField|optional|string|gradename
2017-10-26 16:26:24,572|INFO|615|_GetFieldValue|4|11|初中
2017-10-26 16:26:24,572|INFO|489|_ParseField|4|12
2017-10-26 16:26:24,572|INFO|490|_ParseField|optional|uint32|start_year
2017-10-26 16:26:24,572|INFO|615|_GetFieldValue|4|12|2006.0
2017-10-26 16:26:24,572|INFO|473|_ParseLine|5
2017-10-26 16:26:24,572|INFO|489|_ParseField|5|0
2017-10-26 16:26:24,572|INFO|490|_ParseField|required|uint32|id
2017-10-26 16:26:24,572|INFO|615|_GetFieldValue|5|0|2.0
2017-10-26 16:26:24,572|INFO|489|_ParseField|5|1
2017-10-26 16:26:24,572|INFO|490|_ParseField|required|string|username
2017-10-26 16:26:24,572|INFO|615|_GetFieldValue|5|1|shushu
2017-10-26 16:26:24,572|INFO|489|_ParseField|5|2
2017-10-26 16:26:24,572|INFO|490|_ParseField|optional|uint32|age
2017-10-26 16:26:24,572|INFO|615|_GetFieldValue|5|2|25.0
2017-10-26 16:26:24,572|DEBUG|515|_ParseField|repeated|3.0
2017-10-26 16:26:24,572|INFO|523|_ParseField|repeated|3|3
2017-10-26 16:26:24,572|INFO|567|_ParseField|optional_struct|2|grade|grade_arr
2017-10-26 16:26:24,573|INFO|489|_ParseField|5|5
2017-10-26 16:26:24,573|INFO|490|_ParseField|optional|string|gradename
2017-10-26 16:26:24,573|INFO|615|_GetFieldValue|5|5|高中
2017-10-26 16:26:24,573|INFO|489|_ParseField|5|6
2017-10-26 16:26:24,573|INFO|490|_ParseField|optional|uint32|start_year
2017-10-26 16:26:24,573|INFO|615|_GetFieldValue|5|6|2008.0
2017-10-26 16:26:24,573|INFO|489|_ParseField|5|8
2017-10-26 16:26:24,573|INFO|490|_ParseField|optional|string|gradename
2017-10-26 16:26:24,573|INFO|615|_GetFieldValue|5|8|大学
2017-10-26 16:26:24,573|INFO|489|_ParseField|5|9
2017-10-26 16:26:24,573|INFO|490|_ParseField|optional|uint32|start_year
2017-10-26 16:26:24,573|INFO|615|_GetFieldValue|5|9|2011.0
2017-10-26 16:26:24,573|INFO|489|_ParseField|5|11
2017-10-26 16:26:24,573|INFO|490|_ParseField|optional|string|gradename
2017-10-26 16:26:24,573|INFO|615|_GetFieldValue|5|11|初中
2017-10-26 16:26:24,573|INFO|489|_ParseField|5|12
2017-10-26 16:26:24,575|INFO|490|_ParseField|optional|uint32|start_year
2017-10-26 16:26:24,575|INFO|615|_GetFieldValue|5|12|2005.0
2017-10-26 16:26:24,575|INFO|461|Parse|parse result:
items {
  id: 1
  username: "hehe"
  age: 24
  grade_arr {
    gradename: "\351\253\230\344\270\255"
    start_year: 2009
  }
  grade_arr {
    gradename: "\345\244\247\345\255\246"
    start_year: 2012
  }
  grade_arr {
    gradename: "\345\210\235\344\270\255"
    start_year: 2006
  }
}
items {
  id: 2
  username: "shushu"
  age: 25
  grade_arr {
    gradename: "\351\253\230\344\270\255"
    start_year: 2008
  }
  grade_arr {
    gradename: "\345\244\247\345\255\246"
    start_year: 2011
  }
  grade_arr {
    gradename: "\345\210\235\344\270\255"
    start_year: 2005
  }
}

2017-10-26 16:26:26,289|INFO|108|_initlog|



2017-10-26 16:26:26,289|INFO|109|_initlog|logger is inited!
2017-10-26 16:26:26,298|INFO|174|Interpreter|begin Interpreter, row_count = 6, col_count = 13
2017-10-26 16:26:26,298|INFO|204|_FieldDefine|row=0, col=0, repeated_num=0
2017-10-26 16:26:26,298|INFO|212|_FieldDefine|required|uint32|id|唯一标识
2017-10-26 16:26:26,299|INFO|204|_FieldDefine|row=0, col=1, repeated_num=0
2017-10-26 16:26:26,299|INFO|212|_FieldDefine|required|string|username|姓名
2017-10-26 16:26:26,299|INFO|204|_FieldDefine|row=0, col=2, repeated_num=0
2017-10-26 16:26:26,299|INFO|212|_FieldDefine|optional|uint32|age|年龄
2017-10-26 16:26:26,299|INFO|204|_FieldDefine|row=0, col=3, repeated_num=0
2017-10-26 16:26:26,299|DEBUG|229|_FieldDefine|repeated|3.0
2017-10-26 16:26:26,299|INFO|234|_FieldDefine|repeated|3
2017-10-26 16:26:26,299|INFO|204|_FieldDefine|row=0, col=4, repeated_num=3
2017-10-26 16:26:26,299|INFO|256|_FieldDefine|optional_struct|2|grade|grade_arr
2017-10-26 16:26:26,299|INFO|204|_FieldDefine|row=0, col=5, repeated_num=0
2017-10-26 16:26:26,299|INFO|212|_FieldDefine|optional|string|gradename|年级
2017-10-26 16:26:26,299|INFO|204|_FieldDefine|row=0, col=6, repeated_num=0
2017-10-26 16:26:26,299|INFO|212|_FieldDefine|optional|uint32|start_year|开始时间
2017-10-26 16:26:27,558|INFO|439|Parse|begin parse, row_count = 6, col_count = 13
2017-10-26 16:26:27,558|INFO|473|_ParseLine|4
2017-10-26 16:26:27,558|INFO|489|_ParseField|4|0
2017-10-26 16:26:27,559|INFO|490|_ParseField|required|uint32|id
2017-10-26 16:26:27,559|INFO|615|_GetFieldValue|4|0|1.0
2017-10-26 16:26:27,559|INFO|489|_ParseField|4|1
2017-10-26 16:26:27,559|INFO|490|_ParseField|required|string|username
2017-10-26 16:26:27,559|INFO|615|_GetFieldValue|4|1|hehe
2017-10-26 16:26:27,559|INFO|489|_ParseField|4|2
2017-10-26 16:26:27,559|INFO|490|_ParseField|optional|uint32|age
2017-10-26 16:26:27,559|INFO|615|_GetFieldValue|4|2|24.0
2017-10-26 16:26:27,559|DEBUG|515|_ParseField|repeated|3.0
2017-10-26 16:26:27,559|INFO|523|_ParseField|repeated|3|3
2017-10-26 16:26:27,559|INFO|567|_ParseField|optional_struct|2|grade|grade_arr
2017-10-26 16:26:27,559|INFO|489|_ParseField|4|5
2017-10-26 16:26:27,559|INFO|490|_ParseField|optional|string|gradename
2017-10-26 16:26:27,559|INFO|615|_GetFieldValue|4|5|高中
2017-10-26 16:26:27,559|INFO|489|_ParseField|4|6
2017-10-26 16:26:27,559|INFO|490|_ParseField|optional|uint32|start_year
2017-10-26 16:26:27,559|INFO|615|_GetFieldValue|4|6|2009.0
2017-10-26 16:26:27,559|INFO|489|_ParseField|4|8
2017-10-26 16:26:27,559|INFO|490|_ParseField|optional|string|gradename
2017-10-26 16:26:27,559|INFO|615|_GetFieldValue|4|8|大学
2017-10-26 16:26:27,559|INFO|489|_ParseField|4|9
2017-10-26 16:26:27,561|INFO|490|_ParseField|optional|uint32|start_year
2017-10-26 16:26:27,561|INFO|615|_GetFieldValue|4|9|2012.0
2017-10-26 16:26:27,561|INFO|489|_ParseField|4|11
2017-10-26 16:26:27,561|INFO|490|_ParseField|optional|string|gradename
2017-10-26 16:26:27,561|INFO|615|_GetFieldValue|4|11|初中
2017-10-26 16:26:27,561|INFO|489|_ParseField|4|12
2017-10-26 16:26:27,561|INFO|490|_ParseField|optional|uint32|start_year
2017-10-26 16:26:27,561|INFO|615|_GetFieldValue|4|12|2006.0
2017-10-26 16:26:27,561|INFO|473|_ParseLine|5
2017-10-26 16:26:27,561|INFO|489|_ParseField|5|0
2017-10-26 16:26:27,561|INFO|490|_ParseField|required|uint32|id
2017-10-26 16:26:27,561|INFO|615|_GetFieldValue|5|0|2.0
2017-10-26 16:26:27,561|INFO|489|_ParseField|5|1
2017-10-26 16:26:27,562|INFO|490|_ParseField|required|string|username
2017-10-26 16:26:27,562|INFO|615|_GetFieldValue|5|1|shushu
2017-10-26 16:26:27,562|INFO|489|_ParseField|5|2
2017-10-26 16:26:27,562|INFO|490|_ParseField|optional|uint32|age
2017-10-26 16:26:27,562|INFO|615|_GetFieldValue|5|2|25.0
2017-10-26 16:26:27,562|DEBUG|515|_ParseField|repeated|3.0
2017-10-26 16:26:27,562|INFO|523|_ParseField|repeated|3|3
2017-10-26 16:26:27,562|INFO|567|_ParseField|optional_struct|2|grade|grade_arr
2017-10-26 16:26:27,562|INFO|489|_ParseField|5|5
2017-10-26 16:26:27,562|INFO|490|_ParseField|optional|string|gradename
2017-10-26 16:26:27,562|INFO|615|_GetFieldValue|5|5|高中
2017-10-26 16:26:27,562|INFO|489|_ParseField|5|6
2017-10-26 16:26:27,562|INFO|490|_ParseField|optional|uint32|start_year
2017-10-26 16:26:27,562|INFO|615|_GetFieldValue|5|6|2008.0
2017-10-26 16:26:27,562|INFO|489|_ParseField|5|8
2017-10-26 16:26:27,562|INFO|490|_ParseField|optional|string|gradename
2017-10-26 16:26:27,562|INFO|615|_GetFieldValue|5|8|大学
2017-10-26 16:26:27,562|INFO|489|_ParseField|5|9
2017-10-26 16:26:27,562|INFO|490|_ParseField|optional|uint32|start_year
2017-10-26 16:26:27,562|INFO|615|_GetFieldValue|5|9|2011.0
2017-10-26 16:26:27,562|INFO|489|_ParseField|5|11
2017-10-26 16:26:27,562|INFO|490|_ParseField|optional|string|gradename
2017-10-26 16:26:27,562|INFO|615|_GetFieldValue|5|11|初中
2017-10-26 16:26:27,562|INFO|489|_ParseField|5|12
2017-10-26 16:26:27,562|INFO|490|_ParseField|optional|uint32|start_year
2017-10-26 16:26:27,562|INFO|615|_GetFieldValue|5|12|2005.0
2017-10-26 16:26:27,563|INFO|461|Parse|parse result:
items {
  id: 1
  username: "hehe"
  age: 24
  grade_arr {
    gradename: "\351\253\230\344\270\255"
    start_year: 2009
  }
  grade_arr {
    gradename: "\345\244\247\345\255\246"
    start_year: 2012
  }
  grade_arr {
    gradename: "\345\210\235\344\270\255"
    start_year: 2006
  }
}
items {
  id: 2
  username: "shushu"
  age: 25
  grade_arr {
    gradename: "\351\253\230\344\270\255"
    start_year: 2008
  }
  grade_arr {
    gradename: "\345\244\247\345\255\246"
    start_year: 2011
  }
  grade_arr {
    gradename: "\345\210\235\344\270\255"
    start_year: 2005
  }
}

2017-10-26 16:26:41,943|INFO|108|_initlog|



2017-10-26 16:26:41,943|INFO|109|_initlog|logger is inited!
2017-10-26 16:26:41,951|INFO|174|Interpreter|begin Interpreter, row_count = 6, col_count = 13
2017-10-26 16:26:41,953|INFO|204|_FieldDefine|row=0, col=0, repeated_num=0
2017-10-26 16:26:41,953|INFO|212|_FieldDefine|required|uint32|id|唯一标识
2017-10-26 16:26:41,953|INFO|204|_FieldDefine|row=0, col=1, repeated_num=0
2017-10-26 16:26:41,953|INFO|212|_FieldDefine|required|string|username|姓名
2017-10-26 16:26:41,953|INFO|204|_FieldDefine|row=0, col=2, repeated_num=0
2017-10-26 16:26:41,953|INFO|212|_FieldDefine|optional|uint32|age|年龄
2017-10-26 16:26:41,953|INFO|204|_FieldDefine|row=0, col=3, repeated_num=0
2017-10-26 16:26:41,953|DEBUG|229|_FieldDefine|repeated|3.0
2017-10-26 16:26:41,953|INFO|234|_FieldDefine|repeated|3
2017-10-26 16:26:41,953|INFO|204|_FieldDefine|row=0, col=4, repeated_num=3
2017-10-26 16:26:41,953|INFO|256|_FieldDefine|optional_struct|2|grade|grade_arr
2017-10-26 16:26:41,953|INFO|204|_FieldDefine|row=0, col=5, repeated_num=0
2017-10-26 16:26:41,953|INFO|212|_FieldDefine|optional|string|gradename|年级
2017-10-26 16:26:41,953|INFO|204|_FieldDefine|row=0, col=6, repeated_num=0
2017-10-26 16:26:41,953|INFO|212|_FieldDefine|optional|uint32|start_year|开始时间
2017-10-26 16:26:42,108|INFO|439|Parse|begin parse, row_count = 6, col_count = 13
2017-10-26 16:26:42,108|INFO|473|_ParseLine|4
2017-10-26 16:26:42,108|INFO|489|_ParseField|4|0
2017-10-26 16:26:42,108|INFO|490|_ParseField|required|uint32|id
2017-10-26 16:26:42,108|INFO|615|_GetFieldValue|4|0|1.0
2017-10-26 16:26:42,108|INFO|489|_ParseField|4|1
2017-10-26 16:26:42,108|INFO|490|_ParseField|required|string|username
2017-10-26 16:26:42,108|INFO|615|_GetFieldValue|4|1|hehe
2017-10-26 16:26:42,108|INFO|489|_ParseField|4|2
2017-10-26 16:26:42,108|INFO|490|_ParseField|optional|uint32|age
2017-10-26 16:26:42,108|INFO|615|_GetFieldValue|4|2|24.0
2017-10-26 16:26:42,108|DEBUG|515|_ParseField|repeated|3.0
2017-10-26 16:26:42,108|INFO|523|_ParseField|repeated|3|3
2017-10-26 16:26:42,108|INFO|567|_ParseField|optional_struct|2|grade|grade_arr
2017-10-26 16:26:42,108|INFO|489|_ParseField|4|5
2017-10-26 16:26:42,108|INFO|490|_ParseField|optional|string|gradename
2017-10-26 16:26:42,108|INFO|615|_GetFieldValue|4|5|高中
2017-10-26 16:26:42,108|INFO|489|_ParseField|4|6
2017-10-26 16:26:42,108|INFO|490|_ParseField|optional|uint32|start_year
2017-10-26 16:26:42,108|INFO|615|_GetFieldValue|4|6|2009.0
2017-10-26 16:26:42,109|INFO|489|_ParseField|4|8
2017-10-26 16:26:42,109|INFO|490|_ParseField|optional|string|gradename
2017-10-26 16:26:42,109|INFO|615|_GetFieldValue|4|8|大学
2017-10-26 16:26:42,109|INFO|489|_ParseField|4|9
2017-10-26 16:26:42,109|INFO|490|_ParseField|optional|uint32|start_year
2017-10-26 16:26:42,109|INFO|615|_GetFieldValue|4|9|2012.0
2017-10-26 16:26:42,109|INFO|489|_ParseField|4|11
2017-10-26 16:26:42,109|INFO|490|_ParseField|optional|string|gradename
2017-10-26 16:26:42,109|INFO|615|_GetFieldValue|4|11|初中
2017-10-26 16:26:42,109|INFO|489|_ParseField|4|12
2017-10-26 16:26:42,109|INFO|490|_ParseField|optional|uint32|start_year
2017-10-26 16:26:42,109|INFO|615|_GetFieldValue|4|12|2006.0
2017-10-26 16:26:42,109|INFO|473|_ParseLine|5
2017-10-26 16:26:42,111|INFO|489|_ParseField|5|0
2017-10-26 16:26:42,111|INFO|490|_ParseField|required|uint32|id
2017-10-26 16:26:42,111|INFO|615|_GetFieldValue|5|0|2.0
2017-10-26 16:26:42,111|INFO|489|_ParseField|5|1
2017-10-26 16:26:42,111|INFO|490|_ParseField|required|string|username
2017-10-26 16:26:42,111|INFO|615|_GetFieldValue|5|1|shushu
2017-10-26 16:26:42,111|INFO|489|_ParseField|5|2
2017-10-26 16:26:42,111|INFO|490|_ParseField|optional|uint32|age
2017-10-26 16:26:42,111|INFO|615|_GetFieldValue|5|2|25.0
2017-10-26 16:26:42,111|DEBUG|515|_ParseField|repeated|3.0
2017-10-26 16:26:42,111|INFO|523|_ParseField|repeated|3|3
2017-10-26 16:26:42,111|INFO|567|_ParseField|optional_struct|2|grade|grade_arr
2017-10-26 16:26:42,111|INFO|489|_ParseField|5|5
2017-10-26 16:26:42,111|INFO|490|_ParseField|optional|string|gradename
2017-10-26 16:26:42,111|INFO|615|_GetFieldValue|5|5|高中
2017-10-26 16:26:42,111|INFO|489|_ParseField|5|6
2017-10-26 16:26:42,111|INFO|490|_ParseField|optional|uint32|start_year
2017-10-26 16:26:42,111|INFO|615|_GetFieldValue|5|6|2008.0
2017-10-26 16:26:42,111|INFO|489|_ParseField|5|8
2017-10-26 16:26:42,111|INFO|490|_ParseField|optional|string|gradename
2017-10-26 16:26:42,111|INFO|615|_GetFieldValue|5|8|大学
2017-10-26 16:26:42,111|INFO|489|_ParseField|5|9
2017-10-26 16:26:42,111|INFO|490|_ParseField|optional|uint32|start_year
2017-10-26 16:26:42,111|INFO|615|_GetFieldValue|5|9|2011.0
2017-10-26 16:26:42,111|INFO|489|_ParseField|5|11
2017-10-26 16:26:42,111|INFO|490|_ParseField|optional|string|gradename
2017-10-26 16:26:42,111|INFO|615|_GetFieldValue|5|11|初中
2017-10-26 16:26:42,111|INFO|489|_ParseField|5|12
2017-10-26 16:26:42,111|INFO|490|_ParseField|optional|uint32|start_year
2017-10-26 16:26:42,111|INFO|615|_GetFieldValue|5|12|2005.0
2017-10-26 16:26:42,111|INFO|461|Parse|parse result:
items {
  id: 1
  username: "hehe"
  age: 24
  grade_arr {
    gradename: "\351\253\230\344\270\255"
    start_year: 2009
  }
  grade_arr {
    gradename: "\345\244\247\345\255\246"
    start_year: 2012
  }
  grade_arr {
    gradename: "\345\210\235\344\270\255"
    start_year: 2006
  }
}
items {
  id: 2
  username: "shushu"
  age: 25
  grade_arr {
    gradename: "\351\253\230\344\270\255"
    start_year: 2008
  }
  grade_arr {
    gradename: "\345\244\247\345\255\246"
    start_year: 2011
  }
  grade_arr {
    gradename: "\345\210\235\344\270\255"
    start_year: 2005
  }
}

